<?xml version="1.0" encoding="UTF-8"?>
<!-- Generated by org.testng.reporters.JUnitXMLReporter -->
<testsuite hostname="DESKTOP-3IQAPAE" ignored="0" name="Surefire test" tests="5" failures="0" timestamp="2021-07-30T08:30:53 MDT" time="1809.619" errors="0">
  <testcase name="@BeforeMethod setUp" time="605.306" classname="com.crm.qa.testcases.ContactsPageTest">
    <failure type="org.openqa.selenium.SessionNotCreatedException" message="session not created
from timeout: Timed out receiving message from renderer: 600.000
  (Session info: chrome=92.0.4515.107)
Build info: version: &amp;apos;3.141.59&amp;apos;, revision: &amp;apos;e82be7d358&amp;apos;, time: &amp;apos;2018-11-14T08:17:03&amp;apos;
System info: host: &amp;apos;DESKTOP-3IQAPAE&amp;apos;, ip: &amp;apos;192.168.1.4&amp;apos;, os.name: &amp;apos;Windows 10&amp;apos;, os.arch: &amp;apos;amd64&amp;apos;, os.version: &amp;apos;10.0&amp;apos;, java.version: &amp;apos;1.8.0_291&amp;apos;
Driver info: driver.version: ChromeDriver
remote stacktrace: Backtrace:
	Ordinal0 [0x00412DB3+2502067]
	Ordinal0 [0x003AC5B1+2082225]
	Ordinal0 [0x002B2498+1057944]
	Ordinal0 [0x002A4D2F+1002799]
	Ordinal0 [0x002A3D69+998761]
	Ordinal0 [0x002A4026+999462]
	Ordinal0 [0x002A3915+997653]
	Ordinal0 [0x002AE534+1041716]
	Ordinal0 [0x002A38D1+997585]
	Ordinal0 [0x002A47F6+1001462]
	Ordinal0 [0x002A3D69+998761]
	Ordinal0 [0x002A4026+999462]
	Ordinal0 [0x002A3915+997653]
	Ordinal0 [0x002AC5AA+1033642]
	Ordinal0 [0x002A38D1+997585]
	Ordinal0 [0x002A47F6+1001462]
	Ordinal0 [0x002A3D69+998761]
	Ordinal0 [0x002A4026+999462]
	Ordinal0 [0x002A3915+997653]
	Ordinal0 [0x002AA459+1025113]
	Ordinal0 [0x002A38D1+997585]
	Ordinal0 [0x002A47F6+1001462]
	Ordinal0 [0x002A3D69+998761]
	Ordinal0 [0x002A4026+999462]
	Ordinal0 [0x002A3915+997653]
	Ordinal0 [0x002A977C+1021820]
	Ordinal0 [0x002A38D1+997585]
	Ordinal0 [0x002A47F6+1001462]
	Ordinal0 [0x002A3D69+998761]
	Ordinal0 [0x002A4026+999462]
	Ordinal0 [0x002A3915+997653]
	Ordinal0 [0x0029F42D+980013]
	Ordinal0 [0x002A38D1+997585]
	Ordinal0 [0x002A3670+996976]
	Ordinal0 [0x002A3409+996361]
	Ordinal0 [0x002B36A0+1062560]
	Ordinal0 [0x002FAA59+1354329]
	Ordinal0 [0x002F967A+1349242]
	Ordinal0 [0x002F5BEB+1334251]
	Ordinal0 [0x002D2174+1188212]
	Ordinal0 [0x002D3009+1191945]
	GetHandleVerifier [0x0058EC5C+1511084]
	GetHandleVerifier [0x00638522+2205554]
	GetHandleVerifier [0x00493393+480739]
	GetHandleVerifier [0x00492579+477129]
	Ordinal0 [0x003B1E5D+2104925]
	Ordinal0 [0x003B63F8+2122744]
	Ordinal0 [0x003B6537+2123063]
	Ordinal0 [0x003BEE53+2158163]
	BaseThreadInitThunk [0x74E16359+25]
	RtlGetAppContainerNamedObjectPath [0x773A87A4+228]
	RtlGetAppContainerNamedObjectPath [0x773A8774+180]
">
      <![CDATA[org.openqa.selenium.SessionNotCreatedException: session not created
from timeout: Timed out receiving message from renderer: 600.000
  (Session info: chrome=92.0.4515.107)
Build info: version: '3.141.59', revision: 'e82be7d358', time: '2018-11-14T08:17:03'
System info: host: 'DESKTOP-3IQAPAE', ip: '192.168.1.4', os.name: 'Windows 10', os.arch: 'amd64', os.version: '10.0', java.version: '1.8.0_291'
Driver info: driver.version: ChromeDriver
remote stacktrace: Backtrace:
Ordinal0 [0x00412DB3+2502067]
Ordinal0 [0x003AC5B1+2082225]
Ordinal0 [0x002B2498+1057944]
Ordinal0 [0x002A4D2F+1002799]
Ordinal0 [0x002A3D69+998761]
Ordinal0 [0x002A4026+999462]
Ordinal0 [0x002A3915+997653]
Ordinal0 [0x002AE534+1041716]
Ordinal0 [0x002A38D1+997585]
Ordinal0 [0x002A47F6+1001462]
Ordinal0 [0x002A3D69+998761]
Ordinal0 [0x002A4026+999462]
Ordinal0 [0x002A3915+997653]
Ordinal0 [0x002AC5AA+1033642]
Ordinal0 [0x002A38D1+997585]
Ordinal0 [0x002A47F6+1001462]
Ordinal0 [0x002A3D69+998761]
Ordinal0 [0x002A4026+999462]
Ordinal0 [0x002A3915+997653]
Ordinal0 [0x002AA459+1025113]
Ordinal0 [0x002A38D1+997585]
Ordinal0 [0x002A47F6+1001462]
Ordinal0 [0x002A3D69+998761]
Ordinal0 [0x002A4026+999462]
Ordinal0 [0x002A3915+997653]
Ordinal0 [0x002A977C+1021820]
Ordinal0 [0x002A38D1+997585]
Ordinal0 [0x002A47F6+1001462]
Ordinal0 [0x002A3D69+998761]
Ordinal0 [0x002A4026+999462]
Ordinal0 [0x002A3915+997653]
Ordinal0 [0x0029F42D+980013]
Ordinal0 [0x002A38D1+997585]
Ordinal0 [0x002A3670+996976]
Ordinal0 [0x002A3409+996361]
Ordinal0 [0x002B36A0+1062560]
Ordinal0 [0x002FAA59+1354329]
Ordinal0 [0x002F967A+1349242]
Ordinal0 [0x002F5BEB+1334251]
Ordinal0 [0x002D2174+1188212]
Ordinal0 [0x002D3009+1191945]
GetHandleVerifier [0x0058EC5C+1511084]
GetHandleVerifier [0x00638522+2205554]
GetHandleVerifier [0x00493393+480739]
GetHandleVerifier [0x00492579+477129]
Ordinal0 [0x003B1E5D+2104925]
Ordinal0 [0x003B63F8+2122744]
Ordinal0 [0x003B6537+2123063]
Ordinal0 [0x003BEE53+2158163]
BaseThreadInitThunk [0x74E16359+25]
RtlGetAppContainerNamedObjectPath [0x773A87A4+228]
RtlGetAppContainerNamedObjectPath [0x773A8774+180]

at org.openqa.selenium.remote.W3CHandshakeResponse.lambda$errorHandler$0(W3CHandshakeResponse.java:62)
at org.openqa.selenium.remote.HandshakeResponse.lambda$getResponseFunction$0(HandshakeResponse.java:30)
at org.openqa.selenium.remote.ProtocolHandshake.lambda$createSession$0(ProtocolHandshake.java:126)
at java.util.stream.ReferencePipeline$3$1.accept(ReferencePipeline.java:193)
at java.util.Spliterators$ArraySpliterator.tryAdvance(Spliterators.java:958)
at java.util.stream.ReferencePipeline.forEachWithCancel(ReferencePipeline.java:126)
at java.util.stream.AbstractPipeline.copyIntoWithCancel(AbstractPipeline.java:499)
at java.util.stream.AbstractPipeline.copyInto(AbstractPipeline.java:486)
at java.util.stream.AbstractPipeline.wrapAndCopyInto(AbstractPipeline.java:472)
at java.util.stream.FindOps$FindOp.evaluateSequential(FindOps.java:152)
at java.util.stream.AbstractPipeline.evaluate(AbstractPipeline.java:234)
at java.util.stream.ReferencePipeline.findFirst(ReferencePipeline.java:464)
at org.openqa.selenium.remote.ProtocolHandshake.createSession(ProtocolHandshake.java:128)
at org.openqa.selenium.remote.ProtocolHandshake.createSession(ProtocolHandshake.java:74)
at org.openqa.selenium.remote.HttpCommandExecutor.execute(HttpCommandExecutor.java:136)
at org.openqa.selenium.remote.service.DriverCommandExecutor.execute(DriverCommandExecutor.java:83)
at org.openqa.selenium.remote.RemoteWebDriver.execute(RemoteWebDriver.java:552)
at org.openqa.selenium.remote.RemoteWebDriver.startSession(RemoteWebDriver.java:213)
at org.openqa.selenium.remote.RemoteWebDriver.<init>(RemoteWebDriver.java:131)
at org.openqa.selenium.chrome.ChromeDriver.<init>(ChromeDriver.java:181)
at org.openqa.selenium.chrome.ChromeDriver.<init>(ChromeDriver.java:168)
at org.openqa.selenium.chrome.ChromeDriver.<init>(ChromeDriver.java:123)
at com.crm.qa.base.TestBase.initialization(TestBase.java:42)
at com.crm.qa.testcases.ContactsPageTest.setUp(ContactsPageTest.java:32)
at java.util.ArrayList.forEach(ArrayList.java:1259)
... Removed 40 stack frames]]>
    </failure>
  </testcase> <!-- @BeforeMethod setUp -->
  <testcase name="@AfterMethod teardown" time="-1.627654248975E9" classname="com.crm.qa.testcases.ContactsPageTest">
    <skipped/>
  </testcase> <!-- @AfterMethod teardown -->
  <testcase name="@BeforeMethod setup" time="602.021" classname="com.crm.qa.testcases.HomePageTest">
    <failure type="org.openqa.selenium.SessionNotCreatedException" message="session not created
from timeout: Timed out receiving message from renderer: 600.000
  (Session info: chrome=92.0.4515.107)
Build info: version: &amp;apos;3.141.59&amp;apos;, revision: &amp;apos;e82be7d358&amp;apos;, time: &amp;apos;2018-11-14T08:17:03&amp;apos;
System info: host: &amp;apos;DESKTOP-3IQAPAE&amp;apos;, ip: &amp;apos;192.168.1.4&amp;apos;, os.name: &amp;apos;Windows 10&amp;apos;, os.arch: &amp;apos;amd64&amp;apos;, os.version: &amp;apos;10.0&amp;apos;, java.version: &amp;apos;1.8.0_291&amp;apos;
Driver info: driver.version: ChromeDriver
remote stacktrace: Backtrace:
	Ordinal0 [0x00412DB3+2502067]
	Ordinal0 [0x003AC5B1+2082225]
	Ordinal0 [0x002B2498+1057944]
	Ordinal0 [0x002A4D2F+1002799]
	Ordinal0 [0x002A3D69+998761]
	Ordinal0 [0x002A4026+999462]
	Ordinal0 [0x002A3915+997653]
	Ordinal0 [0x002AE534+1041716]
	Ordinal0 [0x002A38D1+997585]
	Ordinal0 [0x002A47F6+1001462]
	Ordinal0 [0x002A3D69+998761]
	Ordinal0 [0x002A4026+999462]
	Ordinal0 [0x002A3915+997653]
	Ordinal0 [0x002AC5AA+1033642]
	Ordinal0 [0x002A38D1+997585]
	Ordinal0 [0x002A47F6+1001462]
	Ordinal0 [0x002A3D69+998761]
	Ordinal0 [0x002A4026+999462]
	Ordinal0 [0x002A3915+997653]
	Ordinal0 [0x002AA459+1025113]
	Ordinal0 [0x002A38D1+997585]
	Ordinal0 [0x002A47F6+1001462]
	Ordinal0 [0x002A3D69+998761]
	Ordinal0 [0x002A4026+999462]
	Ordinal0 [0x002A3915+997653]
	Ordinal0 [0x002A977C+1021820]
	Ordinal0 [0x002A38D1+997585]
	Ordinal0 [0x002A47F6+1001462]
	Ordinal0 [0x002A3D69+998761]
	Ordinal0 [0x002A4026+999462]
	Ordinal0 [0x002A3915+997653]
	Ordinal0 [0x0029F42D+980013]
	Ordinal0 [0x002A38D1+997585]
	Ordinal0 [0x002A3670+996976]
	Ordinal0 [0x002A3409+996361]
	Ordinal0 [0x002B36A0+1062560]
	Ordinal0 [0x002FAA59+1354329]
	Ordinal0 [0x002F967A+1349242]
	Ordinal0 [0x002F5BEB+1334251]
	Ordinal0 [0x002D2174+1188212]
	Ordinal0 [0x002D3009+1191945]
	GetHandleVerifier [0x0058EC5C+1511084]
	GetHandleVerifier [0x00638522+2205554]
	GetHandleVerifier [0x00493393+480739]
	GetHandleVerifier [0x00492579+477129]
	Ordinal0 [0x003B1E5D+2104925]
	Ordinal0 [0x003B63F8+2122744]
	Ordinal0 [0x003B6537+2123063]
	Ordinal0 [0x003BEE53+2158163]
	BaseThreadInitThunk [0x74E16359+25]
	RtlGetAppContainerNamedObjectPath [0x773A87A4+228]
	RtlGetAppContainerNamedObjectPath [0x773A8774+180]
">
      <![CDATA[org.openqa.selenium.SessionNotCreatedException: session not created
from timeout: Timed out receiving message from renderer: 600.000
  (Session info: chrome=92.0.4515.107)
Build info: version: '3.141.59', revision: 'e82be7d358', time: '2018-11-14T08:17:03'
System info: host: 'DESKTOP-3IQAPAE', ip: '192.168.1.4', os.name: 'Windows 10', os.arch: 'amd64', os.version: '10.0', java.version: '1.8.0_291'
Driver info: driver.version: ChromeDriver
remote stacktrace: Backtrace:
Ordinal0 [0x00412DB3+2502067]
Ordinal0 [0x003AC5B1+2082225]
Ordinal0 [0x002B2498+1057944]
Ordinal0 [0x002A4D2F+1002799]
Ordinal0 [0x002A3D69+998761]
Ordinal0 [0x002A4026+999462]
Ordinal0 [0x002A3915+997653]
Ordinal0 [0x002AE534+1041716]
Ordinal0 [0x002A38D1+997585]
Ordinal0 [0x002A47F6+1001462]
Ordinal0 [0x002A3D69+998761]
Ordinal0 [0x002A4026+999462]
Ordinal0 [0x002A3915+997653]
Ordinal0 [0x002AC5AA+1033642]
Ordinal0 [0x002A38D1+997585]
Ordinal0 [0x002A47F6+1001462]
Ordinal0 [0x002A3D69+998761]
Ordinal0 [0x002A4026+999462]
Ordinal0 [0x002A3915+997653]
Ordinal0 [0x002AA459+1025113]
Ordinal0 [0x002A38D1+997585]
Ordinal0 [0x002A47F6+1001462]
Ordinal0 [0x002A3D69+998761]
Ordinal0 [0x002A4026+999462]
Ordinal0 [0x002A3915+997653]
Ordinal0 [0x002A977C+1021820]
Ordinal0 [0x002A38D1+997585]
Ordinal0 [0x002A47F6+1001462]
Ordinal0 [0x002A3D69+998761]
Ordinal0 [0x002A4026+999462]
Ordinal0 [0x002A3915+997653]
Ordinal0 [0x0029F42D+980013]
Ordinal0 [0x002A38D1+997585]
Ordinal0 [0x002A3670+996976]
Ordinal0 [0x002A3409+996361]
Ordinal0 [0x002B36A0+1062560]
Ordinal0 [0x002FAA59+1354329]
Ordinal0 [0x002F967A+1349242]
Ordinal0 [0x002F5BEB+1334251]
Ordinal0 [0x002D2174+1188212]
Ordinal0 [0x002D3009+1191945]
GetHandleVerifier [0x0058EC5C+1511084]
GetHandleVerifier [0x00638522+2205554]
GetHandleVerifier [0x00493393+480739]
GetHandleVerifier [0x00492579+477129]
Ordinal0 [0x003B1E5D+2104925]
Ordinal0 [0x003B63F8+2122744]
Ordinal0 [0x003B6537+2123063]
Ordinal0 [0x003BEE53+2158163]
BaseThreadInitThunk [0x74E16359+25]
RtlGetAppContainerNamedObjectPath [0x773A87A4+228]
RtlGetAppContainerNamedObjectPath [0x773A8774+180]

at org.openqa.selenium.remote.W3CHandshakeResponse.lambda$errorHandler$0(W3CHandshakeResponse.java:62)
at org.openqa.selenium.remote.HandshakeResponse.lambda$getResponseFunction$0(HandshakeResponse.java:30)
at org.openqa.selenium.remote.ProtocolHandshake.lambda$createSession$0(ProtocolHandshake.java:126)
at java.util.stream.ReferencePipeline$3$1.accept(ReferencePipeline.java:193)
at java.util.Spliterators$ArraySpliterator.tryAdvance(Spliterators.java:958)
at java.util.stream.ReferencePipeline.forEachWithCancel(ReferencePipeline.java:126)
at java.util.stream.AbstractPipeline.copyIntoWithCancel(AbstractPipeline.java:499)
at java.util.stream.AbstractPipeline.copyInto(AbstractPipeline.java:486)
at java.util.stream.AbstractPipeline.wrapAndCopyInto(AbstractPipeline.java:472)
at java.util.stream.FindOps$FindOp.evaluateSequential(FindOps.java:152)
at java.util.stream.AbstractPipeline.evaluate(AbstractPipeline.java:234)
at java.util.stream.ReferencePipeline.findFirst(ReferencePipeline.java:464)
at org.openqa.selenium.remote.ProtocolHandshake.createSession(ProtocolHandshake.java:128)
at org.openqa.selenium.remote.ProtocolHandshake.createSession(ProtocolHandshake.java:74)
at org.openqa.selenium.remote.HttpCommandExecutor.execute(HttpCommandExecutor.java:136)
at org.openqa.selenium.remote.service.DriverCommandExecutor.execute(DriverCommandExecutor.java:83)
at org.openqa.selenium.remote.RemoteWebDriver.execute(RemoteWebDriver.java:552)
at org.openqa.selenium.remote.RemoteWebDriver.startSession(RemoteWebDriver.java:213)
at org.openqa.selenium.remote.RemoteWebDriver.<init>(RemoteWebDriver.java:131)
at org.openqa.selenium.chrome.ChromeDriver.<init>(ChromeDriver.java:181)
at org.openqa.selenium.chrome.ChromeDriver.<init>(ChromeDriver.java:168)
at org.openqa.selenium.chrome.ChromeDriver.<init>(ChromeDriver.java:123)
at com.crm.qa.base.TestBase.initialization(TestBase.java:42)
at com.crm.qa.testcases.HomePageTest.setup(HomePageTest.java:23)
at java.util.ArrayList.forEach(ArrayList.java:1259)
... Removed 40 stack frames]]>
    </failure>
  </testcase> <!-- @BeforeMethod setup -->
  <testcase name="@AfterMethod teardown" time="-1.627654851005E9" classname="com.crm.qa.testcases.HomePageTest">
    <skipped/>
  </testcase> <!-- @AfterMethod teardown -->
  <testcase name="@BeforeMethod setup" time="-1.627654851006E9" classname="com.crm.qa.testcases.HomePageTest">
    <skipped/>
  </testcase> <!-- @BeforeMethod setup -->
  <testcase name="@AfterMethod teardown" time="-1.627654851007E9" classname="com.crm.qa.testcases.HomePageTest">
    <skipped/>
  </testcase> <!-- @AfterMethod teardown -->
  <testcase name="@BeforeMethod setUp" time="602.172" classname="com.crm.qa.testcases.LoginPageTest">
    <failure type="org.openqa.selenium.SessionNotCreatedException" message="session not created
from timeout: Timed out receiving message from renderer: 600.000
  (Session info: chrome=92.0.4515.107)
Build info: version: &amp;apos;3.141.59&amp;apos;, revision: &amp;apos;e82be7d358&amp;apos;, time: &amp;apos;2018-11-14T08:17:03&amp;apos;
System info: host: &amp;apos;DESKTOP-3IQAPAE&amp;apos;, ip: &amp;apos;192.168.1.4&amp;apos;, os.name: &amp;apos;Windows 10&amp;apos;, os.arch: &amp;apos;amd64&amp;apos;, os.version: &amp;apos;10.0&amp;apos;, java.version: &amp;apos;1.8.0_291&amp;apos;
Driver info: driver.version: ChromeDriver
remote stacktrace: Backtrace:
	Ordinal0 [0x00412DB3+2502067]
	Ordinal0 [0x003AC5B1+2082225]
	Ordinal0 [0x002B2498+1057944]
	Ordinal0 [0x002A4D2F+1002799]
	Ordinal0 [0x002A3D69+998761]
	Ordinal0 [0x002A4026+999462]
	Ordinal0 [0x002A3915+997653]
	Ordinal0 [0x002AE534+1041716]
	Ordinal0 [0x002A38D1+997585]
	Ordinal0 [0x002A47F6+1001462]
	Ordinal0 [0x002A3D69+998761]
	Ordinal0 [0x002A4026+999462]
	Ordinal0 [0x002A3915+997653]
	Ordinal0 [0x002AC5AA+1033642]
	Ordinal0 [0x002A38D1+997585]
	Ordinal0 [0x002A47F6+1001462]
	Ordinal0 [0x002A3D69+998761]
	Ordinal0 [0x002A4026+999462]
	Ordinal0 [0x002A3915+997653]
	Ordinal0 [0x002AA459+1025113]
	Ordinal0 [0x002A38D1+997585]
	Ordinal0 [0x002A47F6+1001462]
	Ordinal0 [0x002A3D69+998761]
	Ordinal0 [0x002A4026+999462]
	Ordinal0 [0x002A3915+997653]
	Ordinal0 [0x002A977C+1021820]
	Ordinal0 [0x002A38D1+997585]
	Ordinal0 [0x002A47F6+1001462]
	Ordinal0 [0x002A3D69+998761]
	Ordinal0 [0x002A4026+999462]
	Ordinal0 [0x002A3915+997653]
	Ordinal0 [0x0029F42D+980013]
	Ordinal0 [0x002A38D1+997585]
	Ordinal0 [0x002A3670+996976]
	Ordinal0 [0x002A3409+996361]
	Ordinal0 [0x002B36A0+1062560]
	Ordinal0 [0x002FAA59+1354329]
	Ordinal0 [0x002F967A+1349242]
	Ordinal0 [0x002F5BEB+1334251]
	Ordinal0 [0x002D2174+1188212]
	Ordinal0 [0x002D3009+1191945]
	GetHandleVerifier [0x0058EC5C+1511084]
	GetHandleVerifier [0x00638522+2205554]
	GetHandleVerifier [0x00493393+480739]
	GetHandleVerifier [0x00492579+477129]
	Ordinal0 [0x003B1E5D+2104925]
	Ordinal0 [0x003B63F8+2122744]
	Ordinal0 [0x003B6537+2123063]
	Ordinal0 [0x003BEE53+2158163]
	BaseThreadInitThunk [0x74E16359+25]
	RtlGetAppContainerNamedObjectPath [0x773A87A4+228]
	RtlGetAppContainerNamedObjectPath [0x773A8774+180]
">
      <![CDATA[org.openqa.selenium.SessionNotCreatedException: session not created
from timeout: Timed out receiving message from renderer: 600.000
  (Session info: chrome=92.0.4515.107)
Build info: version: '3.141.59', revision: 'e82be7d358', time: '2018-11-14T08:17:03'
System info: host: 'DESKTOP-3IQAPAE', ip: '192.168.1.4', os.name: 'Windows 10', os.arch: 'amd64', os.version: '10.0', java.version: '1.8.0_291'
Driver info: driver.version: ChromeDriver
remote stacktrace: Backtrace:
Ordinal0 [0x00412DB3+2502067]
Ordinal0 [0x003AC5B1+2082225]
Ordinal0 [0x002B2498+1057944]
Ordinal0 [0x002A4D2F+1002799]
Ordinal0 [0x002A3D69+998761]
Ordinal0 [0x002A4026+999462]
Ordinal0 [0x002A3915+997653]
Ordinal0 [0x002AE534+1041716]
Ordinal0 [0x002A38D1+997585]
Ordinal0 [0x002A47F6+1001462]
Ordinal0 [0x002A3D69+998761]
Ordinal0 [0x002A4026+999462]
Ordinal0 [0x002A3915+997653]
Ordinal0 [0x002AC5AA+1033642]
Ordinal0 [0x002A38D1+997585]
Ordinal0 [0x002A47F6+1001462]
Ordinal0 [0x002A3D69+998761]
Ordinal0 [0x002A4026+999462]
Ordinal0 [0x002A3915+997653]
Ordinal0 [0x002AA459+1025113]
Ordinal0 [0x002A38D1+997585]
Ordinal0 [0x002A47F6+1001462]
Ordinal0 [0x002A3D69+998761]
Ordinal0 [0x002A4026+999462]
Ordinal0 [0x002A3915+997653]
Ordinal0 [0x002A977C+1021820]
Ordinal0 [0x002A38D1+997585]
Ordinal0 [0x002A47F6+1001462]
Ordinal0 [0x002A3D69+998761]
Ordinal0 [0x002A4026+999462]
Ordinal0 [0x002A3915+997653]
Ordinal0 [0x0029F42D+980013]
Ordinal0 [0x002A38D1+997585]
Ordinal0 [0x002A3670+996976]
Ordinal0 [0x002A3409+996361]
Ordinal0 [0x002B36A0+1062560]
Ordinal0 [0x002FAA59+1354329]
Ordinal0 [0x002F967A+1349242]
Ordinal0 [0x002F5BEB+1334251]
Ordinal0 [0x002D2174+1188212]
Ordinal0 [0x002D3009+1191945]
GetHandleVerifier [0x0058EC5C+1511084]
GetHandleVerifier [0x00638522+2205554]
GetHandleVerifier [0x00493393+480739]
GetHandleVerifier [0x00492579+477129]
Ordinal0 [0x003B1E5D+2104925]
Ordinal0 [0x003B63F8+2122744]
Ordinal0 [0x003B6537+2123063]
Ordinal0 [0x003BEE53+2158163]
BaseThreadInitThunk [0x74E16359+25]
RtlGetAppContainerNamedObjectPath [0x773A87A4+228]
RtlGetAppContainerNamedObjectPath [0x773A8774+180]

at org.openqa.selenium.remote.W3CHandshakeResponse.lambda$errorHandler$0(W3CHandshakeResponse.java:62)
at org.openqa.selenium.remote.HandshakeResponse.lambda$getResponseFunction$0(HandshakeResponse.java:30)
at org.openqa.selenium.remote.ProtocolHandshake.lambda$createSession$0(ProtocolHandshake.java:126)
at java.util.stream.ReferencePipeline$3$1.accept(ReferencePipeline.java:193)
at java.util.Spliterators$ArraySpliterator.tryAdvance(Spliterators.java:958)
at java.util.stream.ReferencePipeline.forEachWithCancel(ReferencePipeline.java:126)
at java.util.stream.AbstractPipeline.copyIntoWithCancel(AbstractPipeline.java:499)
at java.util.stream.AbstractPipeline.copyInto(AbstractPipeline.java:486)
at java.util.stream.AbstractPipeline.wrapAndCopyInto(AbstractPipeline.java:472)
at java.util.stream.FindOps$FindOp.evaluateSequential(FindOps.java:152)
at java.util.stream.AbstractPipeline.evaluate(AbstractPipeline.java:234)
at java.util.stream.ReferencePipeline.findFirst(ReferencePipeline.java:464)
at org.openqa.selenium.remote.ProtocolHandshake.createSession(ProtocolHandshake.java:128)
at org.openqa.selenium.remote.ProtocolHandshake.createSession(ProtocolHandshake.java:74)
at org.openqa.selenium.remote.HttpCommandExecutor.execute(HttpCommandExecutor.java:136)
at org.openqa.selenium.remote.service.DriverCommandExecutor.execute(DriverCommandExecutor.java:83)
at org.openqa.selenium.remote.RemoteWebDriver.execute(RemoteWebDriver.java:552)
at org.openqa.selenium.remote.RemoteWebDriver.startSession(RemoteWebDriver.java:213)
at org.openqa.selenium.remote.RemoteWebDriver.<init>(RemoteWebDriver.java:131)
at org.openqa.selenium.chrome.ChromeDriver.<init>(ChromeDriver.java:181)
at org.openqa.selenium.chrome.ChromeDriver.<init>(ChromeDriver.java:168)
at org.openqa.selenium.chrome.ChromeDriver.<init>(ChromeDriver.java:123)
at com.crm.qa.base.TestBase.initialization(TestBase.java:42)
at com.crm.qa.testcases.LoginPageTest.setUp(LoginPageTest.java:23)
at java.util.ArrayList.forEach(ArrayList.java:1259)
... Removed 40 stack frames]]>
    </failure>
  </testcase> <!-- @BeforeMethod setUp -->
  <testcase name="@AfterMethod teardown" time="-1.627655453183E9" classname="com.crm.qa.testcases.LoginPageTest">
    <skipped/>
  </testcase> <!-- @AfterMethod teardown -->
  <testcase name="@BeforeMethod setUp" time="-1.627655453184E9" classname="com.crm.qa.testcases.LoginPageTest">
    <skipped/>
  </testcase> <!-- @BeforeMethod setUp -->
  <testcase name="@AfterMethod teardown" time="-1.627655453185E9" classname="com.crm.qa.testcases.LoginPageTest">
    <skipped/>
  </testcase> <!-- @AfterMethod teardown -->
  <testcase name="verifycontactpagetitle" time="0.0" classname="com.crm.qa.testcases.ContactsPageTest">
    <skipped/>
  </testcase> <!-- verifycontactpagetitle -->
  <testcase name="openContactsPage" time="0.0" classname="com.crm.qa.testcases.HomePageTest">
    <skipped/>
  </testcase> <!-- openContactsPage -->
  <testcase name="verifyhomepagetitle" time="0.0" classname="com.crm.qa.testcases.HomePageTest">
    <skipped/>
  </testcase> <!-- verifyhomepagetitle -->
  <testcase name="loginPagetitleTest" time="0.0" classname="com.crm.qa.testcases.LoginPageTest">
    <skipped/>
  </testcase> <!-- loginPagetitleTest -->
  <testcase name="loginTest" time="0.0" classname="com.crm.qa.testcases.LoginPageTest">
    <skipped/>
  </testcase> <!-- loginTest -->
</testsuite> <!-- Surefire test -->
