<!DOCTYPE html>

<html>
  <head>
  <meta charset='utf-8'>
  <title>TestNG reports</title>

    <link type="text/css" href="testng-reports1.css" rel="stylesheet" id="ultra" />
    <link type="text/css" href="testng-reports.css" rel="stylesheet" id="retro" disabled="false"/>
    <script type="text/javascript" src="jquery.min.js"></script>
    <script type="text/javascript" src="testng-reports.js"></script>
    <script type="text/javascript" src="https://www.google.com/jsapi"></script>
    <script type='text/javascript'>
      google.load('visualization', '1', {packages:['table']});
      google.setOnLoadCallback(drawTable);
      var suiteTableInitFunctions = new Array();
      var suiteTableData = new Array();
    </script>
    <!--
      <script type="text/javascript" src="jquery-ui/js/jquery-ui-1.8.16.custom.min.js"></script>
     -->
  </head>

  <body>
    <div class="top-banner-root">
      <span class="top-banner-title-font">Test results</span>
      <button class="button" id="button">Switch Retro Theme</button> <!-- button -->
      <br/>
      <span class="top-banner-font-1">1 suite</span>
    </div> <!-- top-banner-root -->
    <div class="navigator-root">
      <div class="navigator-suite-header">
        <span>All suites</span>
        <a href="#" class="collapse-all-link" title="Collapse/expand all the suites">
          <img class="collapse-all-icon" src="collapseall.gif">
          </img> <!-- collapse-all-icon -->
        </a> <!-- collapse-all-link -->
      </div> <!-- navigator-suite-header -->
      <div class="suite">
        <div class="rounded-window">
          <div class="suite-header light-rounded-window-top">
            <a href="#" class="navigator-link" panel-name="suite-Surefire_suite">
              <span class="suite-name border-skipped">Surefire suite</span>
            </a> <!-- navigator-link -->
          </div> <!-- suite-header light-rounded-window-top -->
          <div class="navigator-suite-content">
            <div class="suite-section-title">
              <span>Info</span>
            </div> <!-- suite-section-title -->
            <div class="suite-section-content">
              <ul>
                <li>
                  <a href="#" class="navigator-link " panel-name="test-xml-Surefire_suite">
                    <span>[unset file name]</span>
                  </a> <!-- navigator-link  -->
                </li>
                <li>
                  <a href="#" class="navigator-link " panel-name="testlist-Surefire_suite">
                    <span class="test-stats">1 test</span>
                  </a> <!-- navigator-link  -->
                </li>
                <li>
                  <a href="#" class="navigator-link " panel-name="group-Surefire_suite">
                    <span>0 groups</span>
                  </a> <!-- navigator-link  -->
                </li>
                <li>
                  <a href="#" class="navigator-link " panel-name="times-Surefire_suite">
                    <span>Times</span>
                  </a> <!-- navigator-link  -->
                </li>
                <li>
                  <a href="#" class="navigator-link " panel-name="reporter-Surefire_suite">
                    <span>Reporter output</span>
                  </a> <!-- navigator-link  -->
                </li>
                <li>
                  <a href="#" class="navigator-link " panel-name="ignored-methods-Surefire_suite">
                    <span>Ignored methods</span>
                  </a> <!-- navigator-link  -->
                </li>
                <li>
                  <a href="#" class="navigator-link " panel-name="chronological-Surefire_suite">
                    <span>Chronological view</span>
                  </a> <!-- navigator-link  -->
                </li>
              </ul>
            </div> <!-- suite-section-content -->
            <div class="result-section">
              <div class="suite-section-title">
                <span>Results</span>
              </div> <!-- suite-section-title -->
              <div class="suite-section-content">
                <ul>
                  <li>
                    <span class="method-stats">5 methods,  5 skipped,  </span>
                  </li>
                  <li>
                    <span class="method-list-title skipped">Skipped methods</span>
                    <span class="show-or-hide-methods skipped">
                      <a href="#" panel-name="suite-Surefire_suite" class="hide-methods skipped suite-Surefire_suite"> (hide)</a> <!-- hide-methods skipped suite-Surefire_suite -->
                      <a href="#" panel-name="suite-Surefire_suite" class="show-methods skipped suite-Surefire_suite"> (show)</a> <!-- show-methods skipped suite-Surefire_suite -->
                    </span>
                    <div class="method-list-content skipped suite-Surefire_suite">
                      <span>
                        <img width="3%" src="skipped.png"/>
                        <a href="#" class="method navigator-link" panel-name="suite-Surefire_suite" title="com.crm.qa.testcases.LoginPageTest" hash-for-method="loginPagetitleTest">loginPagetitleTest</a> <!-- method navigator-link -->
                      </span>
                      <br/>
                      <span>
                        <img width="3%" src="skipped.png"/>
                        <a href="#" class="method navigator-link" panel-name="suite-Surefire_suite" title="com.crm.qa.testcases.LoginPageTest" hash-for-method="loginTest">loginTest</a> <!-- method navigator-link -->
                      </span>
                      <br/>
                      <span>
                        <img width="3%" src="skipped.png"/>
                        <a href="#" class="method navigator-link" panel-name="suite-Surefire_suite" title="com.crm.qa.testcases.HomePageTest" hash-for-method="openContactsPage">openContactsPage</a> <!-- method navigator-link -->
                      </span>
                      <br/>
                      <span>
                        <img width="3%" src="skipped.png"/>
                        <a href="#" class="method navigator-link" panel-name="suite-Surefire_suite" title="com.crm.qa.testcases.ContactsPageTest" hash-for-method="verifycontactpagetitle">verifycontactpagetitle</a> <!-- method navigator-link -->
                      </span>
                      <br/>
                      <span>
                        <img width="3%" src="skipped.png"/>
                        <a href="#" class="method navigator-link" panel-name="suite-Surefire_suite" title="com.crm.qa.testcases.HomePageTest" hash-for-method="verifyhomepagetitle">verifyhomepagetitle</a> <!-- method navigator-link -->
                      </span>
                      <br/>
                    </div> <!-- method-list-content skipped suite-Surefire_suite -->
                  </li>
                </ul>
              </div> <!-- suite-section-content -->
            </div> <!-- result-section -->
          </div> <!-- navigator-suite-content -->
        </div> <!-- rounded-window -->
      </div> <!-- suite -->
    </div> <!-- navigator-root -->
    <div class="wrapper">
      <div class="main-panel-root">
        <div panel-name="suite-Surefire_suite" class="panel Surefire_suite">
          <div class="suite-Surefire_suite-class-skipped">
            <div class="main-panel-header rounded-window-top">
              <img src="skipped.png"/>
              <span class="class-name">com.crm.qa.testcases.HomePageTest</span>
            </div> <!-- main-panel-header rounded-window-top -->
            <div class="main-panel-content rounded-window-bottom">
              <div class="method">
                <div class="method-content">
                  <a name="openContactsPage">
                  </a> <!-- openContactsPage -->
                  <span class="method-name">openContactsPage</span>
                  <div class="stack-trace">org.openqa.selenium.SessionNotCreatedException: session not created
from timeout: Timed out receiving message from renderer: 600.000
  (Session info: chrome=92.0.4515.107)
Build info: version: &apos;3.141.59&apos;, revision: &apos;e82be7d358&apos;, time: &apos;2018-11-14T08:17:03&apos;
System info: host: &apos;DESKTOP-3IQAPAE&apos;, ip: &apos;192.168.1.4&apos;, os.name: &apos;Windows 10&apos;, os.arch: &apos;amd64&apos;, os.version: &apos;10.0&apos;, java.version: &apos;1.8.0_291&apos;
Driver info: driver.version: ChromeDriver
remote stacktrace: Backtrace:
	Ordinal0 [0x00412DB3+2502067]
	Ordinal0 [0x003AC5B1+2082225]
	Ordinal0 [0x002B2498+1057944]
	Ordinal0 [0x002A4D2F+1002799]
	Ordinal0 [0x002A3D69+998761]
	Ordinal0 [0x002A4026+999462]
	Ordinal0 [0x002A3915+997653]
	Ordinal0 [0x002AE534+1041716]
	Ordinal0 [0x002A38D1+997585]
	Ordinal0 [0x002A47F6+1001462]
	Ordinal0 [0x002A3D69+998761]
	Ordinal0 [0x002A4026+999462]
	Ordinal0 [0x002A3915+997653]
	Ordinal0 [0x002AC5AA+1033642]
	Ordinal0 [0x002A38D1+997585]
	Ordinal0 [0x002A47F6+1001462]
	Ordinal0 [0x002A3D69+998761]
	Ordinal0 [0x002A4026+999462]
	Ordinal0 [0x002A3915+997653]
	Ordinal0 [0x002AA459+1025113]
	Ordinal0 [0x002A38D1+997585]
	Ordinal0 [0x002A47F6+1001462]
	Ordinal0 [0x002A3D69+998761]
	Ordinal0 [0x002A4026+999462]
	Ordinal0 [0x002A3915+997653]
	Ordinal0 [0x002A977C+1021820]
	Ordinal0 [0x002A38D1+997585]
	Ordinal0 [0x002A47F6+1001462]
	Ordinal0 [0x002A3D69+998761]
	Ordinal0 [0x002A4026+999462]
	Ordinal0 [0x002A3915+997653]
	Ordinal0 [0x0029F42D+980013]
	Ordinal0 [0x002A38D1+997585]
	Ordinal0 [0x002A3670+996976]
	Ordinal0 [0x002A3409+996361]
	Ordinal0 [0x002B36A0+1062560]
	Ordinal0 [0x002FAA59+1354329]
	Ordinal0 [0x002F967A+1349242]
	Ordinal0 [0x002F5BEB+1334251]
	Ordinal0 [0x002D2174+1188212]
	Ordinal0 [0x002D3009+1191945]
	GetHandleVerifier [0x0058EC5C+1511084]
	GetHandleVerifier [0x00638522+2205554]
	GetHandleVerifier [0x00493393+480739]
	GetHandleVerifier [0x00492579+477129]
	Ordinal0 [0x003B1E5D+2104925]
	Ordinal0 [0x003B63F8+2122744]
	Ordinal0 [0x003B6537+2123063]
	Ordinal0 [0x003BEE53+2158163]
	BaseThreadInitThunk [0x74E16359+25]
	RtlGetAppContainerNamedObjectPath [0x773A87A4+228]
	RtlGetAppContainerNamedObjectPath [0x773A8774+180]

	at org.openqa.selenium.remote.W3CHandshakeResponse.lambda$errorHandler$0(W3CHandshakeResponse.java:62)
	at org.openqa.selenium.remote.HandshakeResponse.lambda$getResponseFunction$0(HandshakeResponse.java:30)
	at org.openqa.selenium.remote.ProtocolHandshake.lambda$createSession$0(ProtocolHandshake.java:126)
	at java.util.stream.ReferencePipeline$3$1.accept(ReferencePipeline.java:193)
	at java.util.Spliterators$ArraySpliterator.tryAdvance(Spliterators.java:958)
	at java.util.stream.ReferencePipeline.forEachWithCancel(ReferencePipeline.java:126)
	at java.util.stream.AbstractPipeline.copyIntoWithCancel(AbstractPipeline.java:499)
	at java.util.stream.AbstractPipeline.copyInto(AbstractPipeline.java:486)
	at java.util.stream.AbstractPipeline.wrapAndCopyInto(AbstractPipeline.java:472)
	at java.util.stream.FindOps$FindOp.evaluateSequential(FindOps.java:152)
	at java.util.stream.AbstractPipeline.evaluate(AbstractPipeline.java:234)
	at java.util.stream.ReferencePipeline.findFirst(ReferencePipeline.java:464)
	at org.openqa.selenium.remote.ProtocolHandshake.createSession(ProtocolHandshake.java:128)
	at org.openqa.selenium.remote.ProtocolHandshake.createSession(ProtocolHandshake.java:74)
	at org.openqa.selenium.remote.HttpCommandExecutor.execute(HttpCommandExecutor.java:136)
	at org.openqa.selenium.remote.service.DriverCommandExecutor.execute(DriverCommandExecutor.java:83)
	at org.openqa.selenium.remote.RemoteWebDriver.execute(RemoteWebDriver.java:552)
	at org.openqa.selenium.remote.RemoteWebDriver.startSession(RemoteWebDriver.java:213)
	at org.openqa.selenium.remote.RemoteWebDriver.&lt;init&gt;(RemoteWebDriver.java:131)
	at org.openqa.selenium.chrome.ChromeDriver.&lt;init&gt;(ChromeDriver.java:181)
	at org.openqa.selenium.chrome.ChromeDriver.&lt;init&gt;(ChromeDriver.java:168)
	at org.openqa.selenium.chrome.ChromeDriver.&lt;init&gt;(ChromeDriver.java:123)
	at com.crm.qa.base.TestBase.initialization(TestBase.java:42)
	at com.crm.qa.testcases.HomePageTest.setup(HomePageTest.java:23)
	at java.util.ArrayList.forEach(ArrayList.java:1259)
... Removed 40 stack frames
</div> <!-- stack-trace -->
                </div> <!-- method-content -->
              </div> <!-- method -->
              <div class="method">
                <div class="method-content">
                  <a name="verifyhomepagetitle">
                  </a> <!-- verifyhomepagetitle -->
                  <span class="method-name">verifyhomepagetitle</span>
                  <div class="stack-trace">org.openqa.selenium.SessionNotCreatedException: session not created
from timeout: Timed out receiving message from renderer: 600.000
  (Session info: chrome=92.0.4515.107)
Build info: version: &apos;3.141.59&apos;, revision: &apos;e82be7d358&apos;, time: &apos;2018-11-14T08:17:03&apos;
System info: host: &apos;DESKTOP-3IQAPAE&apos;, ip: &apos;192.168.1.4&apos;, os.name: &apos;Windows 10&apos;, os.arch: &apos;amd64&apos;, os.version: &apos;10.0&apos;, java.version: &apos;1.8.0_291&apos;
Driver info: driver.version: ChromeDriver
remote stacktrace: Backtrace:
	Ordinal0 [0x00412DB3+2502067]
	Ordinal0 [0x003AC5B1+2082225]
	Ordinal0 [0x002B2498+1057944]
	Ordinal0 [0x002A4D2F+1002799]
	Ordinal0 [0x002A3D69+998761]
	Ordinal0 [0x002A4026+999462]
	Ordinal0 [0x002A3915+997653]
	Ordinal0 [0x002AE534+1041716]
	Ordinal0 [0x002A38D1+997585]
	Ordinal0 [0x002A47F6+1001462]
	Ordinal0 [0x002A3D69+998761]
	Ordinal0 [0x002A4026+999462]
	Ordinal0 [0x002A3915+997653]
	Ordinal0 [0x002AC5AA+1033642]
	Ordinal0 [0x002A38D1+997585]
	Ordinal0 [0x002A47F6+1001462]
	Ordinal0 [0x002A3D69+998761]
	Ordinal0 [0x002A4026+999462]
	Ordinal0 [0x002A3915+997653]
	Ordinal0 [0x002AA459+1025113]
	Ordinal0 [0x002A38D1+997585]
	Ordinal0 [0x002A47F6+1001462]
	Ordinal0 [0x002A3D69+998761]
	Ordinal0 [0x002A4026+999462]
	Ordinal0 [0x002A3915+997653]
	Ordinal0 [0x002A977C+1021820]
	Ordinal0 [0x002A38D1+997585]
	Ordinal0 [0x002A47F6+1001462]
	Ordinal0 [0x002A3D69+998761]
	Ordinal0 [0x002A4026+999462]
	Ordinal0 [0x002A3915+997653]
	Ordinal0 [0x0029F42D+980013]
	Ordinal0 [0x002A38D1+997585]
	Ordinal0 [0x002A3670+996976]
	Ordinal0 [0x002A3409+996361]
	Ordinal0 [0x002B36A0+1062560]
	Ordinal0 [0x002FAA59+1354329]
	Ordinal0 [0x002F967A+1349242]
	Ordinal0 [0x002F5BEB+1334251]
	Ordinal0 [0x002D2174+1188212]
	Ordinal0 [0x002D3009+1191945]
	GetHandleVerifier [0x0058EC5C+1511084]
	GetHandleVerifier [0x00638522+2205554]
	GetHandleVerifier [0x00493393+480739]
	GetHandleVerifier [0x00492579+477129]
	Ordinal0 [0x003B1E5D+2104925]
	Ordinal0 [0x003B63F8+2122744]
	Ordinal0 [0x003B6537+2123063]
	Ordinal0 [0x003BEE53+2158163]
	BaseThreadInitThunk [0x74E16359+25]
	RtlGetAppContainerNamedObjectPath [0x773A87A4+228]
	RtlGetAppContainerNamedObjectPath [0x773A8774+180]

	at org.openqa.selenium.remote.W3CHandshakeResponse.lambda$errorHandler$0(W3CHandshakeResponse.java:62)
	at org.openqa.selenium.remote.HandshakeResponse.lambda$getResponseFunction$0(HandshakeResponse.java:30)
	at org.openqa.selenium.remote.ProtocolHandshake.lambda$createSession$0(ProtocolHandshake.java:126)
	at java.util.stream.ReferencePipeline$3$1.accept(ReferencePipeline.java:193)
	at java.util.Spliterators$ArraySpliterator.tryAdvance(Spliterators.java:958)
	at java.util.stream.ReferencePipeline.forEachWithCancel(ReferencePipeline.java:126)
	at java.util.stream.AbstractPipeline.copyIntoWithCancel(AbstractPipeline.java:499)
	at java.util.stream.AbstractPipeline.copyInto(AbstractPipeline.java:486)
	at java.util.stream.AbstractPipeline.wrapAndCopyInto(AbstractPipeline.java:472)
	at java.util.stream.FindOps$FindOp.evaluateSequential(FindOps.java:152)
	at java.util.stream.AbstractPipeline.evaluate(AbstractPipeline.java:234)
	at java.util.stream.ReferencePipeline.findFirst(ReferencePipeline.java:464)
	at org.openqa.selenium.remote.ProtocolHandshake.createSession(ProtocolHandshake.java:128)
	at org.openqa.selenium.remote.ProtocolHandshake.createSession(ProtocolHandshake.java:74)
	at org.openqa.selenium.remote.HttpCommandExecutor.execute(HttpCommandExecutor.java:136)
	at org.openqa.selenium.remote.service.DriverCommandExecutor.execute(DriverCommandExecutor.java:83)
	at org.openqa.selenium.remote.RemoteWebDriver.execute(RemoteWebDriver.java:552)
	at org.openqa.selenium.remote.RemoteWebDriver.startSession(RemoteWebDriver.java:213)
	at org.openqa.selenium.remote.RemoteWebDriver.&lt;init&gt;(RemoteWebDriver.java:131)
	at org.openqa.selenium.chrome.ChromeDriver.&lt;init&gt;(ChromeDriver.java:181)
	at org.openqa.selenium.chrome.ChromeDriver.&lt;init&gt;(ChromeDriver.java:168)
	at org.openqa.selenium.chrome.ChromeDriver.&lt;init&gt;(ChromeDriver.java:123)
	at com.crm.qa.base.TestBase.initialization(TestBase.java:42)
	at com.crm.qa.testcases.HomePageTest.setup(HomePageTest.java:23)
	at java.util.ArrayList.forEach(ArrayList.java:1259)
... Removed 40 stack frames
</div> <!-- stack-trace -->
                </div> <!-- method-content -->
              </div> <!-- method -->
            </div> <!-- main-panel-content rounded-window-bottom -->
          </div> <!-- suite-Surefire_suite-class-skipped -->
          <div class="suite-Surefire_suite-class-skipped">
            <div class="main-panel-header rounded-window-top">
              <img src="skipped.png"/>
              <span class="class-name">com.crm.qa.testcases.ContactsPageTest</span>
            </div> <!-- main-panel-header rounded-window-top -->
            <div class="main-panel-content rounded-window-bottom">
              <div class="method">
                <div class="method-content">
                  <a name="verifycontactpagetitle">
                  </a> <!-- verifycontactpagetitle -->
                  <span class="method-name">verifycontactpagetitle</span>
                  <div class="stack-trace">org.openqa.selenium.SessionNotCreatedException: session not created
from timeout: Timed out receiving message from renderer: 600.000
  (Session info: chrome=92.0.4515.107)
Build info: version: &apos;3.141.59&apos;, revision: &apos;e82be7d358&apos;, time: &apos;2018-11-14T08:17:03&apos;
System info: host: &apos;DESKTOP-3IQAPAE&apos;, ip: &apos;192.168.1.4&apos;, os.name: &apos;Windows 10&apos;, os.arch: &apos;amd64&apos;, os.version: &apos;10.0&apos;, java.version: &apos;1.8.0_291&apos;
Driver info: driver.version: ChromeDriver
remote stacktrace: Backtrace:
	Ordinal0 [0x00412DB3+2502067]
	Ordinal0 [0x003AC5B1+2082225]
	Ordinal0 [0x002B2498+1057944]
	Ordinal0 [0x002A4D2F+1002799]
	Ordinal0 [0x002A3D69+998761]
	Ordinal0 [0x002A4026+999462]
	Ordinal0 [0x002A3915+997653]
	Ordinal0 [0x002AE534+1041716]
	Ordinal0 [0x002A38D1+997585]
	Ordinal0 [0x002A47F6+1001462]
	Ordinal0 [0x002A3D69+998761]
	Ordinal0 [0x002A4026+999462]
	Ordinal0 [0x002A3915+997653]
	Ordinal0 [0x002AC5AA+1033642]
	Ordinal0 [0x002A38D1+997585]
	Ordinal0 [0x002A47F6+1001462]
	Ordinal0 [0x002A3D69+998761]
	Ordinal0 [0x002A4026+999462]
	Ordinal0 [0x002A3915+997653]
	Ordinal0 [0x002AA459+1025113]
	Ordinal0 [0x002A38D1+997585]
	Ordinal0 [0x002A47F6+1001462]
	Ordinal0 [0x002A3D69+998761]
	Ordinal0 [0x002A4026+999462]
	Ordinal0 [0x002A3915+997653]
	Ordinal0 [0x002A977C+1021820]
	Ordinal0 [0x002A38D1+997585]
	Ordinal0 [0x002A47F6+1001462]
	Ordinal0 [0x002A3D69+998761]
	Ordinal0 [0x002A4026+999462]
	Ordinal0 [0x002A3915+997653]
	Ordinal0 [0x0029F42D+980013]
	Ordinal0 [0x002A38D1+997585]
	Ordinal0 [0x002A3670+996976]
	Ordinal0 [0x002A3409+996361]
	Ordinal0 [0x002B36A0+1062560]
	Ordinal0 [0x002FAA59+1354329]
	Ordinal0 [0x002F967A+1349242]
	Ordinal0 [0x002F5BEB+1334251]
	Ordinal0 [0x002D2174+1188212]
	Ordinal0 [0x002D3009+1191945]
	GetHandleVerifier [0x0058EC5C+1511084]
	GetHandleVerifier [0x00638522+2205554]
	GetHandleVerifier [0x00493393+480739]
	GetHandleVerifier [0x00492579+477129]
	Ordinal0 [0x003B1E5D+2104925]
	Ordinal0 [0x003B63F8+2122744]
	Ordinal0 [0x003B6537+2123063]
	Ordinal0 [0x003BEE53+2158163]
	BaseThreadInitThunk [0x74E16359+25]
	RtlGetAppContainerNamedObjectPath [0x773A87A4+228]
	RtlGetAppContainerNamedObjectPath [0x773A8774+180]

	at org.openqa.selenium.remote.W3CHandshakeResponse.lambda$errorHandler$0(W3CHandshakeResponse.java:62)
	at org.openqa.selenium.remote.HandshakeResponse.lambda$getResponseFunction$0(HandshakeResponse.java:30)
	at org.openqa.selenium.remote.ProtocolHandshake.lambda$createSession$0(ProtocolHandshake.java:126)
	at java.util.stream.ReferencePipeline$3$1.accept(ReferencePipeline.java:193)
	at java.util.Spliterators$ArraySpliterator.tryAdvance(Spliterators.java:958)
	at java.util.stream.ReferencePipeline.forEachWithCancel(ReferencePipeline.java:126)
	at java.util.stream.AbstractPipeline.copyIntoWithCancel(AbstractPipeline.java:499)
	at java.util.stream.AbstractPipeline.copyInto(AbstractPipeline.java:486)
	at java.util.stream.AbstractPipeline.wrapAndCopyInto(AbstractPipeline.java:472)
	at java.util.stream.FindOps$FindOp.evaluateSequential(FindOps.java:152)
	at java.util.stream.AbstractPipeline.evaluate(AbstractPipeline.java:234)
	at java.util.stream.ReferencePipeline.findFirst(ReferencePipeline.java:464)
	at org.openqa.selenium.remote.ProtocolHandshake.createSession(ProtocolHandshake.java:128)
	at org.openqa.selenium.remote.ProtocolHandshake.createSession(ProtocolHandshake.java:74)
	at org.openqa.selenium.remote.HttpCommandExecutor.execute(HttpCommandExecutor.java:136)
	at org.openqa.selenium.remote.service.DriverCommandExecutor.execute(DriverCommandExecutor.java:83)
	at org.openqa.selenium.remote.RemoteWebDriver.execute(RemoteWebDriver.java:552)
	at org.openqa.selenium.remote.RemoteWebDriver.startSession(RemoteWebDriver.java:213)
	at org.openqa.selenium.remote.RemoteWebDriver.&lt;init&gt;(RemoteWebDriver.java:131)
	at org.openqa.selenium.chrome.ChromeDriver.&lt;init&gt;(ChromeDriver.java:181)
	at org.openqa.selenium.chrome.ChromeDriver.&lt;init&gt;(ChromeDriver.java:168)
	at org.openqa.selenium.chrome.ChromeDriver.&lt;init&gt;(ChromeDriver.java:123)
	at com.crm.qa.base.TestBase.initialization(TestBase.java:42)
	at com.crm.qa.testcases.ContactsPageTest.setUp(ContactsPageTest.java:32)
	at java.util.ArrayList.forEach(ArrayList.java:1259)
... Removed 40 stack frames
</div> <!-- stack-trace -->
                </div> <!-- method-content -->
              </div> <!-- method -->
            </div> <!-- main-panel-content rounded-window-bottom -->
          </div> <!-- suite-Surefire_suite-class-skipped -->
          <div class="suite-Surefire_suite-class-skipped">
            <div class="main-panel-header rounded-window-top">
              <img src="skipped.png"/>
              <span class="class-name">com.crm.qa.testcases.LoginPageTest</span>
            </div> <!-- main-panel-header rounded-window-top -->
            <div class="main-panel-content rounded-window-bottom">
              <div class="method">
                <div class="method-content">
                  <a name="loginPagetitleTest">
                  </a> <!-- loginPagetitleTest -->
                  <span class="method-name">loginPagetitleTest</span>
                  <div class="stack-trace">org.openqa.selenium.SessionNotCreatedException: session not created
from timeout: Timed out receiving message from renderer: 600.000
  (Session info: chrome=92.0.4515.107)
Build info: version: &apos;3.141.59&apos;, revision: &apos;e82be7d358&apos;, time: &apos;2018-11-14T08:17:03&apos;
System info: host: &apos;DESKTOP-3IQAPAE&apos;, ip: &apos;192.168.1.4&apos;, os.name: &apos;Windows 10&apos;, os.arch: &apos;amd64&apos;, os.version: &apos;10.0&apos;, java.version: &apos;1.8.0_291&apos;
Driver info: driver.version: ChromeDriver
remote stacktrace: Backtrace:
	Ordinal0 [0x00412DB3+2502067]
	Ordinal0 [0x003AC5B1+2082225]
	Ordinal0 [0x002B2498+1057944]
	Ordinal0 [0x002A4D2F+1002799]
	Ordinal0 [0x002A3D69+998761]
	Ordinal0 [0x002A4026+999462]
	Ordinal0 [0x002A3915+997653]
	Ordinal0 [0x002AE534+1041716]
	Ordinal0 [0x002A38D1+997585]
	Ordinal0 [0x002A47F6+1001462]
	Ordinal0 [0x002A3D69+998761]
	Ordinal0 [0x002A4026+999462]
	Ordinal0 [0x002A3915+997653]
	Ordinal0 [0x002AC5AA+1033642]
	Ordinal0 [0x002A38D1+997585]
	Ordinal0 [0x002A47F6+1001462]
	Ordinal0 [0x002A3D69+998761]
	Ordinal0 [0x002A4026+999462]
	Ordinal0 [0x002A3915+997653]
	Ordinal0 [0x002AA459+1025113]
	Ordinal0 [0x002A38D1+997585]
	Ordinal0 [0x002A47F6+1001462]
	Ordinal0 [0x002A3D69+998761]
	Ordinal0 [0x002A4026+999462]
	Ordinal0 [0x002A3915+997653]
	Ordinal0 [0x002A977C+1021820]
	Ordinal0 [0x002A38D1+997585]
	Ordinal0 [0x002A47F6+1001462]
	Ordinal0 [0x002A3D69+998761]
	Ordinal0 [0x002A4026+999462]
	Ordinal0 [0x002A3915+997653]
	Ordinal0 [0x0029F42D+980013]
	Ordinal0 [0x002A38D1+997585]
	Ordinal0 [0x002A3670+996976]
	Ordinal0 [0x002A3409+996361]
	Ordinal0 [0x002B36A0+1062560]
	Ordinal0 [0x002FAA59+1354329]
	Ordinal0 [0x002F967A+1349242]
	Ordinal0 [0x002F5BEB+1334251]
	Ordinal0 [0x002D2174+1188212]
	Ordinal0 [0x002D3009+1191945]
	GetHandleVerifier [0x0058EC5C+1511084]
	GetHandleVerifier [0x00638522+2205554]
	GetHandleVerifier [0x00493393+480739]
	GetHandleVerifier [0x00492579+477129]
	Ordinal0 [0x003B1E5D+2104925]
	Ordinal0 [0x003B63F8+2122744]
	Ordinal0 [0x003B6537+2123063]
	Ordinal0 [0x003BEE53+2158163]
	BaseThreadInitThunk [0x74E16359+25]
	RtlGetAppContainerNamedObjectPath [0x773A87A4+228]
	RtlGetAppContainerNamedObjectPath [0x773A8774+180]

	at org.openqa.selenium.remote.W3CHandshakeResponse.lambda$errorHandler$0(W3CHandshakeResponse.java:62)
	at org.openqa.selenium.remote.HandshakeResponse.lambda$getResponseFunction$0(HandshakeResponse.java:30)
	at org.openqa.selenium.remote.ProtocolHandshake.lambda$createSession$0(ProtocolHandshake.java:126)
	at java.util.stream.ReferencePipeline$3$1.accept(ReferencePipeline.java:193)
	at java.util.Spliterators$ArraySpliterator.tryAdvance(Spliterators.java:958)
	at java.util.stream.ReferencePipeline.forEachWithCancel(ReferencePipeline.java:126)
	at java.util.stream.AbstractPipeline.copyIntoWithCancel(AbstractPipeline.java:499)
	at java.util.stream.AbstractPipeline.copyInto(AbstractPipeline.java:486)
	at java.util.stream.AbstractPipeline.wrapAndCopyInto(AbstractPipeline.java:472)
	at java.util.stream.FindOps$FindOp.evaluateSequential(FindOps.java:152)
	at java.util.stream.AbstractPipeline.evaluate(AbstractPipeline.java:234)
	at java.util.stream.ReferencePipeline.findFirst(ReferencePipeline.java:464)
	at org.openqa.selenium.remote.ProtocolHandshake.createSession(ProtocolHandshake.java:128)
	at org.openqa.selenium.remote.ProtocolHandshake.createSession(ProtocolHandshake.java:74)
	at org.openqa.selenium.remote.HttpCommandExecutor.execute(HttpCommandExecutor.java:136)
	at org.openqa.selenium.remote.service.DriverCommandExecutor.execute(DriverCommandExecutor.java:83)
	at org.openqa.selenium.remote.RemoteWebDriver.execute(RemoteWebDriver.java:552)
	at org.openqa.selenium.remote.RemoteWebDriver.startSession(RemoteWebDriver.java:213)
	at org.openqa.selenium.remote.RemoteWebDriver.&lt;init&gt;(RemoteWebDriver.java:131)
	at org.openqa.selenium.chrome.ChromeDriver.&lt;init&gt;(ChromeDriver.java:181)
	at org.openqa.selenium.chrome.ChromeDriver.&lt;init&gt;(ChromeDriver.java:168)
	at org.openqa.selenium.chrome.ChromeDriver.&lt;init&gt;(ChromeDriver.java:123)
	at com.crm.qa.base.TestBase.initialization(TestBase.java:42)
	at com.crm.qa.testcases.LoginPageTest.setUp(LoginPageTest.java:23)
	at java.util.ArrayList.forEach(ArrayList.java:1259)
... Removed 40 stack frames
</div> <!-- stack-trace -->
                </div> <!-- method-content -->
              </div> <!-- method -->
              <div class="method">
                <div class="method-content">
                  <a name="loginTest">
                  </a> <!-- loginTest -->
                  <span class="method-name">loginTest</span>
                  <div class="stack-trace">org.openqa.selenium.SessionNotCreatedException: session not created
from timeout: Timed out receiving message from renderer: 600.000
  (Session info: chrome=92.0.4515.107)
Build info: version: &apos;3.141.59&apos;, revision: &apos;e82be7d358&apos;, time: &apos;2018-11-14T08:17:03&apos;
System info: host: &apos;DESKTOP-3IQAPAE&apos;, ip: &apos;192.168.1.4&apos;, os.name: &apos;Windows 10&apos;, os.arch: &apos;amd64&apos;, os.version: &apos;10.0&apos;, java.version: &apos;1.8.0_291&apos;
Driver info: driver.version: ChromeDriver
remote stacktrace: Backtrace:
	Ordinal0 [0x00412DB3+2502067]
	Ordinal0 [0x003AC5B1+2082225]
	Ordinal0 [0x002B2498+1057944]
	Ordinal0 [0x002A4D2F+1002799]
	Ordinal0 [0x002A3D69+998761]
	Ordinal0 [0x002A4026+999462]
	Ordinal0 [0x002A3915+997653]
	Ordinal0 [0x002AE534+1041716]
	Ordinal0 [0x002A38D1+997585]
	Ordinal0 [0x002A47F6+1001462]
	Ordinal0 [0x002A3D69+998761]
	Ordinal0 [0x002A4026+999462]
	Ordinal0 [0x002A3915+997653]
	Ordinal0 [0x002AC5AA+1033642]
	Ordinal0 [0x002A38D1+997585]
	Ordinal0 [0x002A47F6+1001462]
	Ordinal0 [0x002A3D69+998761]
	Ordinal0 [0x002A4026+999462]
	Ordinal0 [0x002A3915+997653]
	Ordinal0 [0x002AA459+1025113]
	Ordinal0 [0x002A38D1+997585]
	Ordinal0 [0x002A47F6+1001462]
	Ordinal0 [0x002A3D69+998761]
	Ordinal0 [0x002A4026+999462]
	Ordinal0 [0x002A3915+997653]
	Ordinal0 [0x002A977C+1021820]
	Ordinal0 [0x002A38D1+997585]
	Ordinal0 [0x002A47F6+1001462]
	Ordinal0 [0x002A3D69+998761]
	Ordinal0 [0x002A4026+999462]
	Ordinal0 [0x002A3915+997653]
	Ordinal0 [0x0029F42D+980013]
	Ordinal0 [0x002A38D1+997585]
	Ordinal0 [0x002A3670+996976]
	Ordinal0 [0x002A3409+996361]
	Ordinal0 [0x002B36A0+1062560]
	Ordinal0 [0x002FAA59+1354329]
	Ordinal0 [0x002F967A+1349242]
	Ordinal0 [0x002F5BEB+1334251]
	Ordinal0 [0x002D2174+1188212]
	Ordinal0 [0x002D3009+1191945]
	GetHandleVerifier [0x0058EC5C+1511084]
	GetHandleVerifier [0x00638522+2205554]
	GetHandleVerifier [0x00493393+480739]
	GetHandleVerifier [0x00492579+477129]
	Ordinal0 [0x003B1E5D+2104925]
	Ordinal0 [0x003B63F8+2122744]
	Ordinal0 [0x003B6537+2123063]
	Ordinal0 [0x003BEE53+2158163]
	BaseThreadInitThunk [0x74E16359+25]
	RtlGetAppContainerNamedObjectPath [0x773A87A4+228]
	RtlGetAppContainerNamedObjectPath [0x773A8774+180]

	at org.openqa.selenium.remote.W3CHandshakeResponse.lambda$errorHandler$0(W3CHandshakeResponse.java:62)
	at org.openqa.selenium.remote.HandshakeResponse.lambda$getResponseFunction$0(HandshakeResponse.java:30)
	at org.openqa.selenium.remote.ProtocolHandshake.lambda$createSession$0(ProtocolHandshake.java:126)
	at java.util.stream.ReferencePipeline$3$1.accept(ReferencePipeline.java:193)
	at java.util.Spliterators$ArraySpliterator.tryAdvance(Spliterators.java:958)
	at java.util.stream.ReferencePipeline.forEachWithCancel(ReferencePipeline.java:126)
	at java.util.stream.AbstractPipeline.copyIntoWithCancel(AbstractPipeline.java:499)
	at java.util.stream.AbstractPipeline.copyInto(AbstractPipeline.java:486)
	at java.util.stream.AbstractPipeline.wrapAndCopyInto(AbstractPipeline.java:472)
	at java.util.stream.FindOps$FindOp.evaluateSequential(FindOps.java:152)
	at java.util.stream.AbstractPipeline.evaluate(AbstractPipeline.java:234)
	at java.util.stream.ReferencePipeline.findFirst(ReferencePipeline.java:464)
	at org.openqa.selenium.remote.ProtocolHandshake.createSession(ProtocolHandshake.java:128)
	at org.openqa.selenium.remote.ProtocolHandshake.createSession(ProtocolHandshake.java:74)
	at org.openqa.selenium.remote.HttpCommandExecutor.execute(HttpCommandExecutor.java:136)
	at org.openqa.selenium.remote.service.DriverCommandExecutor.execute(DriverCommandExecutor.java:83)
	at org.openqa.selenium.remote.RemoteWebDriver.execute(RemoteWebDriver.java:552)
	at org.openqa.selenium.remote.RemoteWebDriver.startSession(RemoteWebDriver.java:213)
	at org.openqa.selenium.remote.RemoteWebDriver.&lt;init&gt;(RemoteWebDriver.java:131)
	at org.openqa.selenium.chrome.ChromeDriver.&lt;init&gt;(ChromeDriver.java:181)
	at org.openqa.selenium.chrome.ChromeDriver.&lt;init&gt;(ChromeDriver.java:168)
	at org.openqa.selenium.chrome.ChromeDriver.&lt;init&gt;(ChromeDriver.java:123)
	at com.crm.qa.base.TestBase.initialization(TestBase.java:42)
	at com.crm.qa.testcases.LoginPageTest.setUp(LoginPageTest.java:23)
	at java.util.ArrayList.forEach(ArrayList.java:1259)
... Removed 40 stack frames
</div> <!-- stack-trace -->
                </div> <!-- method-content -->
              </div> <!-- method -->
            </div> <!-- main-panel-content rounded-window-bottom -->
          </div> <!-- suite-Surefire_suite-class-skipped -->
        </div> <!-- panel Surefire_suite -->
        <div panel-name="test-xml-Surefire_suite" class="panel">
          <div class="main-panel-header rounded-window-top">
          </div> <!-- main-panel-header rounded-window-top -->
          <div class="main-panel-content rounded-window-bottom">
            <pre>
&lt;?xml version=&quot;1.0&quot; encoding=&quot;UTF-8&quot;?&gt;
&lt;!DOCTYPE suite SYSTEM &quot;https://testng.org/testng-1.0.dtd&quot;&gt;
&lt;suite thread-count=&quot;1&quot; verbose=&quot;0&quot; name=&quot;Surefire suite&quot;&gt;
  &lt;test thread-count=&quot;1&quot; verbose=&quot;0&quot; name=&quot;Surefire test&quot;&gt;
    &lt;classes&gt;
      &lt;class name=&quot;com.crm.qa.testcases.ContactsPageTest&quot;/&gt;
      &lt;class name=&quot;com.crm.qa.testcases.HomePageTest&quot;/&gt;
      &lt;class name=&quot;com.crm.qa.testcases.LoginPageTest&quot;/&gt;
    &lt;/classes&gt;
  &lt;/test&gt; &lt;!-- Surefire test --&gt;
&lt;/suite&gt; &lt;!-- Surefire suite --&gt;
            </pre>
          </div> <!-- main-panel-content rounded-window-bottom -->
        </div> <!-- panel -->
        <div panel-name="testlist-Surefire_suite" class="panel">
          <div class="main-panel-header rounded-window-top">
            <span class="header-content">Tests for Surefire suite</span>
          </div> <!-- main-panel-header rounded-window-top -->
          <div class="main-panel-content rounded-window-bottom">
            <ul>
              <li>
                <span class="test-name">Surefire test (3 classes)</span>
              </li>
            </ul>
          </div> <!-- main-panel-content rounded-window-bottom -->
        </div> <!-- panel -->
        <div panel-name="group-Surefire_suite" class="panel">
          <div class="main-panel-header rounded-window-top">
            <span class="header-content">Groups for Surefire suite</span>
          </div> <!-- main-panel-header rounded-window-top -->
          <div class="main-panel-content rounded-window-bottom">
          </div> <!-- main-panel-content rounded-window-bottom -->
        </div> <!-- panel -->
        <div panel-name="times-Surefire_suite" class="panel">
          <div class="main-panel-header rounded-window-top">
            <span class="header-content">Times for Surefire suite</span>
          </div> <!-- main-panel-header rounded-window-top -->
          <div class="main-panel-content rounded-window-bottom">
            <div class="times-div">
              <script type="text/javascript">
suiteTableInitFunctions.push('tableData_Surefire_suite');
function tableData_Surefire_suite() {
var data = new google.visualization.DataTable();
data.addColumn('number', 'Number');
data.addColumn('string', 'Method');
data.addColumn('string', 'Class');
data.addColumn('number', 'Time (ms)');
data.addRows(5);
data.setCell(0, 0, 0)
data.setCell(0, 1, 'verifyhomepagetitle')
data.setCell(0, 2, 'com.crm.qa.testcases.HomePageTest')
data.setCell(0, 3, 0);
data.setCell(1, 0, 1)
data.setCell(1, 1, 'loginTest')
data.setCell(1, 2, 'com.crm.qa.testcases.LoginPageTest')
data.setCell(1, 3, 0);
data.setCell(2, 0, 2)
data.setCell(2, 1, 'loginPagetitleTest')
data.setCell(2, 2, 'com.crm.qa.testcases.LoginPageTest')
data.setCell(2, 3, 0);
data.setCell(3, 0, 3)
data.setCell(3, 1, 'verifycontactpagetitle')
data.setCell(3, 2, 'com.crm.qa.testcases.ContactsPageTest')
data.setCell(3, 3, 0);
data.setCell(4, 0, 4)
data.setCell(4, 1, 'openContactsPage')
data.setCell(4, 2, 'com.crm.qa.testcases.HomePageTest')
data.setCell(4, 3, 0);
window.suiteTableData['Surefire_suite']= { tableData: data, tableDiv: 'times-div-Surefire_suite'}
return data;
}
              </script>
              <span class="suite-total-time">Total running time: 0 ms</span>
              <div id="times-div-Surefire_suite">
              </div> <!-- times-div-Surefire_suite -->
            </div> <!-- times-div -->
          </div> <!-- main-panel-content rounded-window-bottom -->
        </div> <!-- panel -->
        <div panel-name="reporter-Surefire_suite" class="panel">
          <div class="main-panel-header rounded-window-top">
            <span class="header-content">Reporter output for Surefire suite</span>
          </div> <!-- main-panel-header rounded-window-top -->
          <div class="main-panel-content rounded-window-bottom">
          </div> <!-- main-panel-content rounded-window-bottom -->
        </div> <!-- panel -->
        <div panel-name="ignored-methods-Surefire_suite" class="panel">
          <div class="main-panel-header rounded-window-top">
            <span class="header-content">0 ignored methods</span>
          </div> <!-- main-panel-header rounded-window-top -->
          <div class="main-panel-content rounded-window-bottom">
          </div> <!-- main-panel-content rounded-window-bottom -->
        </div> <!-- panel -->
        <div panel-name="chronological-Surefire_suite" class="panel">
          <div class="main-panel-header rounded-window-top">
            <span class="header-content">Methods in chronological order</span>
          </div> <!-- main-panel-header rounded-window-top -->
          <div class="main-panel-content rounded-window-bottom">
            <div class="chronological-class">
              <div class="chronological-class-name">com.crm.qa.testcases.ContactsPageTest</div> <!-- chronological-class-name -->
              <div class="configuration-method before">
                <img src="failed.png">
                </img>
                <span class="method-name">setUp</span>
                <span class="method-start">0 ms</span>
              </div> <!-- configuration-method before -->
              <div class="test-method">
                <span class="method-name">verifycontactpagetitle</span>
                <span class="method-start">605322 ms</span>
              </div> <!-- test-method -->
              <div class="configuration-method after">
                <span class="method-name">teardown</span>
                <span class="method-start">605325 ms</span>
              </div> <!-- configuration-method after -->
            </div> <!-- chronological-class -->
            <div class="chronological-class">
              <div class="chronological-class-name">com.crm.qa.testcases.HomePageTest</div> <!-- chronological-class-name -->
              <div class="configuration-method before">
                <img src="failed.png">
                </img>
                <span class="method-name">setup</span>
                <span class="method-start">605331 ms</span>
              </div> <!-- configuration-method before -->
              <div class="test-method">
                <span class="method-name">openContactsPage</span>
                <span class="method-start">1207354 ms</span>
              </div> <!-- test-method -->
              <div class="configuration-method after">
                <span class="method-name">teardown</span>
                <span class="method-start">1207355 ms</span>
              </div> <!-- configuration-method after -->
              <div class="test-method">
                <span class="method-name">verifyhomepagetitle</span>
                <span class="method-start">1207356 ms</span>
              </div> <!-- test-method -->
              <div class="configuration-method before">
                <span class="method-name">setup</span>
                <span class="method-start">1207356 ms</span>
              </div> <!-- configuration-method before -->
              <div class="configuration-method after">
                <span class="method-name">teardown</span>
                <span class="method-start">1207357 ms</span>
              </div> <!-- configuration-method after -->
            </div> <!-- chronological-class -->
            <div class="chronological-class">
              <div class="chronological-class-name">com.crm.qa.testcases.LoginPageTest</div> <!-- chronological-class-name -->
              <div class="configuration-method before">
                <img src="failed.png">
                </img>
                <span class="method-name">setUp</span>
                <span class="method-start">1207358 ms</span>
              </div> <!-- configuration-method before -->
              <div class="test-method">
                <span class="method-name">loginPagetitleTest</span>
                <span class="method-start">1809532 ms</span>
              </div> <!-- test-method -->
              <div class="configuration-method after">
                <span class="method-name">teardown</span>
                <span class="method-start">1809533 ms</span>
              </div> <!-- configuration-method after -->
              <div class="test-method">
                <span class="method-name">loginTest</span>
                <span class="method-start">1809534 ms</span>
              </div> <!-- test-method -->
              <div class="configuration-method before">
                <span class="method-name">setUp</span>
                <span class="method-start">1809534 ms</span>
              </div> <!-- configuration-method before -->
              <div class="configuration-method after">
                <span class="method-name">teardown</span>
                <span class="method-start">1809535 ms</span>
              </div> <!-- configuration-method after -->
          </div> <!-- main-panel-content rounded-window-bottom -->
        </div> <!-- panel -->
      </div> <!-- main-panel-root -->
    </div> <!-- wrapper -->
  </body>
<script type="text/javascript" src="testng-reports2.js"></script>
</html>
