<?xml version="1.0" encoding="UTF-8"?>
<testng-results skipped="5" failed="0" ignored="0" total="5" passed="0">
  <reporter-output>
  </reporter-output>
  <suite name="Surefire suite" duration-ms="1809619" started-at="2021-07-30T08:00:43 MDT" finished-at="2021-07-30T08:30:53 MDT">
    <groups>
    </groups>
    <test name="Surefire test" duration-ms="1809619" started-at="2021-07-30T08:00:43 MDT" finished-at="2021-07-30T08:30:53 MDT">
      <class name="com.crm.qa.testcases.HomePageTest">
        <test-method status="FAIL" signature="setup()[pri:0, instance:com.crm.qa.testcases.HomePageTest@78e67e0a]" name="setup" is-config="true" duration-ms="602021" started-at="2021-07-30T08:10:48 MDT" finished-at="2021-07-30T08:20:51 MDT">
          <exception class="org.openqa.selenium.SessionNotCreatedException">
            <message>
              <![CDATA[session not created
from timeout: Timed out receiving message from renderer: 600.000
  (Session info: chrome=92.0.4515.107)
Build info: version: '3.141.59', revision: 'e82be7d358', time: '2018-11-14T08:17:03'
System info: host: 'DESKTOP-3IQAPAE', ip: '192.168.1.4', os.name: 'Windows 10', os.arch: 'amd64', os.version: '10.0', java.version: '1.8.0_291'
Driver info: driver.version: ChromeDriver
remote stacktrace: Backtrace:
Ordinal0 [0x00412DB3+2502067]
Ordinal0 [0x003AC5B1+2082225]
Ordinal0 [0x002B2498+1057944]
Ordinal0 [0x002A4D2F+1002799]
Ordinal0 [0x002A3D69+998761]
Ordinal0 [0x002A4026+999462]
Ordinal0 [0x002A3915+997653]
Ordinal0 [0x002AE534+1041716]
Ordinal0 [0x002A38D1+997585]
Ordinal0 [0x002A47F6+1001462]
Ordinal0 [0x002A3D69+998761]
Ordinal0 [0x002A4026+999462]
Ordinal0 [0x002A3915+997653]
Ordinal0 [0x002AC5AA+1033642]
Ordinal0 [0x002A38D1+997585]
Ordinal0 [0x002A47F6+1001462]
Ordinal0 [0x002A3D69+998761]
Ordinal0 [0x002A4026+999462]
Ordinal0 [0x002A3915+997653]
Ordinal0 [0x002AA459+1025113]
Ordinal0 [0x002A38D1+997585]
Ordinal0 [0x002A47F6+1001462]
Ordinal0 [0x002A3D69+998761]
Ordinal0 [0x002A4026+999462]
Ordinal0 [0x002A3915+997653]
Ordinal0 [0x002A977C+1021820]
Ordinal0 [0x002A38D1+997585]
Ordinal0 [0x002A47F6+1001462]
Ordinal0 [0x002A3D69+998761]
Ordinal0 [0x002A4026+999462]
Ordinal0 [0x002A3915+997653]
Ordinal0 [0x0029F42D+980013]
Ordinal0 [0x002A38D1+997585]
Ordinal0 [0x002A3670+996976]
Ordinal0 [0x002A3409+996361]
Ordinal0 [0x002B36A0+1062560]
Ordinal0 [0x002FAA59+1354329]
Ordinal0 [0x002F967A+1349242]
Ordinal0 [0x002F5BEB+1334251]
Ordinal0 [0x002D2174+1188212]
Ordinal0 [0x002D3009+1191945]
GetHandleVerifier [0x0058EC5C+1511084]
GetHandleVerifier [0x00638522+2205554]
GetHandleVerifier [0x00493393+480739]
GetHandleVerifier [0x00492579+477129]
Ordinal0 [0x003B1E5D+2104925]
Ordinal0 [0x003B63F8+2122744]
Ordinal0 [0x003B6537+2123063]
Ordinal0 [0x003BEE53+2158163]
BaseThreadInitThunk [0x74E16359+25]
RtlGetAppContainerNamedObjectPath [0x773A87A4+228]
RtlGetAppContainerNamedObjectPath [0x773A8774+180]
]]>
            </message>
            <full-stacktrace>
              <![CDATA[org.openqa.selenium.SessionNotCreatedException: session not created
from timeout: Timed out receiving message from renderer: 600.000
  (Session info: chrome=92.0.4515.107)
Build info: version: '3.141.59', revision: 'e82be7d358', time: '2018-11-14T08:17:03'
System info: host: 'DESKTOP-3IQAPAE', ip: '192.168.1.4', os.name: 'Windows 10', os.arch: 'amd64', os.version: '10.0', java.version: '1.8.0_291'
Driver info: driver.version: ChromeDriver
remote stacktrace: Backtrace:
Ordinal0 [0x00412DB3+2502067]
Ordinal0 [0x003AC5B1+2082225]
Ordinal0 [0x002B2498+1057944]
Ordinal0 [0x002A4D2F+1002799]
Ordinal0 [0x002A3D69+998761]
Ordinal0 [0x002A4026+999462]
Ordinal0 [0x002A3915+997653]
Ordinal0 [0x002AE534+1041716]
Ordinal0 [0x002A38D1+997585]
Ordinal0 [0x002A47F6+1001462]
Ordinal0 [0x002A3D69+998761]
Ordinal0 [0x002A4026+999462]
Ordinal0 [0x002A3915+997653]
Ordinal0 [0x002AC5AA+1033642]
Ordinal0 [0x002A38D1+997585]
Ordinal0 [0x002A47F6+1001462]
Ordinal0 [0x002A3D69+998761]
Ordinal0 [0x002A4026+999462]
Ordinal0 [0x002A3915+997653]
Ordinal0 [0x002AA459+1025113]
Ordinal0 [0x002A38D1+997585]
Ordinal0 [0x002A47F6+1001462]
Ordinal0 [0x002A3D69+998761]
Ordinal0 [0x002A4026+999462]
Ordinal0 [0x002A3915+997653]
Ordinal0 [0x002A977C+1021820]
Ordinal0 [0x002A38D1+997585]
Ordinal0 [0x002A47F6+1001462]
Ordinal0 [0x002A3D69+998761]
Ordinal0 [0x002A4026+999462]
Ordinal0 [0x002A3915+997653]
Ordinal0 [0x0029F42D+980013]
Ordinal0 [0x002A38D1+997585]
Ordinal0 [0x002A3670+996976]
Ordinal0 [0x002A3409+996361]
Ordinal0 [0x002B36A0+1062560]
Ordinal0 [0x002FAA59+1354329]
Ordinal0 [0x002F967A+1349242]
Ordinal0 [0x002F5BEB+1334251]
Ordinal0 [0x002D2174+1188212]
Ordinal0 [0x002D3009+1191945]
GetHandleVerifier [0x0058EC5C+1511084]
GetHandleVerifier [0x00638522+2205554]
GetHandleVerifier [0x00493393+480739]
GetHandleVerifier [0x00492579+477129]
Ordinal0 [0x003B1E5D+2104925]
Ordinal0 [0x003B63F8+2122744]
Ordinal0 [0x003B6537+2123063]
Ordinal0 [0x003BEE53+2158163]
BaseThreadInitThunk [0x74E16359+25]
RtlGetAppContainerNamedObjectPath [0x773A87A4+228]
RtlGetAppContainerNamedObjectPath [0x773A8774+180]

at sun.reflect.NativeConstructorAccessorImpl.newInstance0(Native Method)
at sun.reflect.NativeConstructorAccessorImpl.newInstance(NativeConstructorAccessorImpl.java:62)
at sun.reflect.DelegatingConstructorAccessorImpl.newInstance(DelegatingConstructorAccessorImpl.java:45)
at java.lang.reflect.Constructor.newInstance(Constructor.java:423)
at org.openqa.selenium.remote.W3CHandshakeResponse.lambda$errorHandler$0(W3CHandshakeResponse.java:62)
at org.openqa.selenium.remote.HandshakeResponse.lambda$getResponseFunction$0(HandshakeResponse.java:30)
at org.openqa.selenium.remote.ProtocolHandshake.lambda$createSession$0(ProtocolHandshake.java:126)
at java.util.stream.ReferencePipeline$3$1.accept(ReferencePipeline.java:193)
at java.util.Spliterators$ArraySpliterator.tryAdvance(Spliterators.java:958)
at java.util.stream.ReferencePipeline.forEachWithCancel(ReferencePipeline.java:126)
at java.util.stream.AbstractPipeline.copyIntoWithCancel(AbstractPipeline.java:499)
at java.util.stream.AbstractPipeline.copyInto(AbstractPipeline.java:486)
at java.util.stream.AbstractPipeline.wrapAndCopyInto(AbstractPipeline.java:472)
at java.util.stream.FindOps$FindOp.evaluateSequential(FindOps.java:152)
at java.util.stream.AbstractPipeline.evaluate(AbstractPipeline.java:234)
at java.util.stream.ReferencePipeline.findFirst(ReferencePipeline.java:464)
at org.openqa.selenium.remote.ProtocolHandshake.createSession(ProtocolHandshake.java:128)
at org.openqa.selenium.remote.ProtocolHandshake.createSession(ProtocolHandshake.java:74)
at org.openqa.selenium.remote.HttpCommandExecutor.execute(HttpCommandExecutor.java:136)
at org.openqa.selenium.remote.service.DriverCommandExecutor.execute(DriverCommandExecutor.java:83)
at org.openqa.selenium.remote.RemoteWebDriver.execute(RemoteWebDriver.java:552)
at org.openqa.selenium.remote.RemoteWebDriver.startSession(RemoteWebDriver.java:213)
at org.openqa.selenium.remote.RemoteWebDriver.<init>(RemoteWebDriver.java:131)
at org.openqa.selenium.chrome.ChromeDriver.<init>(ChromeDriver.java:181)
at org.openqa.selenium.chrome.ChromeDriver.<init>(ChromeDriver.java:168)
at org.openqa.selenium.chrome.ChromeDriver.<init>(ChromeDriver.java:123)
at com.crm.qa.base.TestBase.initialization(TestBase.java:42)
at com.crm.qa.testcases.HomePageTest.setup(HomePageTest.java:23)
at sun.reflect.NativeMethodAccessorImpl.invoke0(Native Method)
at sun.reflect.NativeMethodAccessorImpl.invoke(NativeMethodAccessorImpl.java:62)
at sun.reflect.DelegatingMethodAccessorImpl.invoke(DelegatingMethodAccessorImpl.java:43)
at java.lang.reflect.Method.invoke(Method.java:498)
at org.testng.internal.MethodInvocationHelper.invokeMethod(MethodInvocationHelper.java:133)
at org.testng.internal.MethodInvocationHelper.invokeMethodConsideringTimeout(MethodInvocationHelper.java:62)
at org.testng.internal.ConfigInvoker.invokeConfigurationMethod(ConfigInvoker.java:385)
at org.testng.internal.ConfigInvoker.invokeConfigurations(ConfigInvoker.java:321)
at org.testng.internal.TestInvoker.runConfigMethods(TestInvoker.java:700)
at org.testng.internal.TestInvoker.invokeMethod(TestInvoker.java:527)
at org.testng.internal.TestInvoker.invokeTestMethod(TestInvoker.java:173)
at org.testng.internal.MethodRunner.runInSequence(MethodRunner.java:46)
at org.testng.internal.TestInvoker$MethodInvocationAgent.invoke(TestInvoker.java:824)
at org.testng.internal.TestInvoker.invokeTestMethods(TestInvoker.java:146)
at org.testng.internal.TestMethodWorker.invokeTestMethods(TestMethodWorker.java:146)
at org.testng.internal.TestMethodWorker.run(TestMethodWorker.java:128)
at java.util.ArrayList.forEach(ArrayList.java:1259)
at org.testng.TestRunner.privateRun(TestRunner.java:794)
at org.testng.TestRunner.run(TestRunner.java:596)
at org.testng.SuiteRunner.runTest(SuiteRunner.java:377)
at org.testng.SuiteRunner.runSequentially(SuiteRunner.java:371)
at org.testng.SuiteRunner.privateRun(SuiteRunner.java:332)
at org.testng.SuiteRunner.run(SuiteRunner.java:276)
at org.testng.SuiteRunnerWorker.runSuite(SuiteRunnerWorker.java:53)
at org.testng.SuiteRunnerWorker.run(SuiteRunnerWorker.java:96)
at org.testng.TestNG.runSuitesSequentially(TestNG.java:1212)
at org.testng.TestNG.runSuitesLocally(TestNG.java:1134)
at org.testng.TestNG.runSuites(TestNG.java:1063)
at org.testng.TestNG.run(TestNG.java:1031)
at org.apache.maven.surefire.testng.TestNGExecutor.run(TestNGExecutor.java:135)
at org.apache.maven.surefire.testng.TestNGDirectoryTestSuite.executeMulti(TestNGDirectoryTestSuite.java:193)
at org.apache.maven.surefire.testng.TestNGDirectoryTestSuite.execute(TestNGDirectoryTestSuite.java:94)
at org.apache.maven.surefire.testng.TestNGProvider.invoke(TestNGProvider.java:146)
at org.apache.maven.surefire.booter.ForkedBooter.invokeProviderInSameClassLoader(ForkedBooter.java:384)
at org.apache.maven.surefire.booter.ForkedBooter.runSuitesInProcess(ForkedBooter.java:345)
at org.apache.maven.surefire.booter.ForkedBooter.execute(ForkedBooter.java:126)
at org.apache.maven.surefire.booter.ForkedBooter.main(ForkedBooter.java:418)
]]>
            </full-stacktrace>
          </exception> <!-- org.openqa.selenium.SessionNotCreatedException -->
          <reporter-output>
          </reporter-output>
        </test-method> <!-- setup -->
        <test-method status="SKIP" signature="openContactsPage()[pri:0, instance:com.crm.qa.testcases.HomePageTest@78e67e0a]" name="openContactsPage" duration-ms="0" started-at="2021-07-30T08:20:51 MDT" finished-at="2021-07-30T08:20:51 MDT">
          <exception class="org.openqa.selenium.SessionNotCreatedException">
            <message>
              <![CDATA[session not created
from timeout: Timed out receiving message from renderer: 600.000
  (Session info: chrome=92.0.4515.107)
Build info: version: '3.141.59', revision: 'e82be7d358', time: '2018-11-14T08:17:03'
System info: host: 'DESKTOP-3IQAPAE', ip: '192.168.1.4', os.name: 'Windows 10', os.arch: 'amd64', os.version: '10.0', java.version: '1.8.0_291'
Driver info: driver.version: ChromeDriver
remote stacktrace: Backtrace:
Ordinal0 [0x00412DB3+2502067]
Ordinal0 [0x003AC5B1+2082225]
Ordinal0 [0x002B2498+1057944]
Ordinal0 [0x002A4D2F+1002799]
Ordinal0 [0x002A3D69+998761]
Ordinal0 [0x002A4026+999462]
Ordinal0 [0x002A3915+997653]
Ordinal0 [0x002AE534+1041716]
Ordinal0 [0x002A38D1+997585]
Ordinal0 [0x002A47F6+1001462]
Ordinal0 [0x002A3D69+998761]
Ordinal0 [0x002A4026+999462]
Ordinal0 [0x002A3915+997653]
Ordinal0 [0x002AC5AA+1033642]
Ordinal0 [0x002A38D1+997585]
Ordinal0 [0x002A47F6+1001462]
Ordinal0 [0x002A3D69+998761]
Ordinal0 [0x002A4026+999462]
Ordinal0 [0x002A3915+997653]
Ordinal0 [0x002AA459+1025113]
Ordinal0 [0x002A38D1+997585]
Ordinal0 [0x002A47F6+1001462]
Ordinal0 [0x002A3D69+998761]
Ordinal0 [0x002A4026+999462]
Ordinal0 [0x002A3915+997653]
Ordinal0 [0x002A977C+1021820]
Ordinal0 [0x002A38D1+997585]
Ordinal0 [0x002A47F6+1001462]
Ordinal0 [0x002A3D69+998761]
Ordinal0 [0x002A4026+999462]
Ordinal0 [0x002A3915+997653]
Ordinal0 [0x0029F42D+980013]
Ordinal0 [0x002A38D1+997585]
Ordinal0 [0x002A3670+996976]
Ordinal0 [0x002A3409+996361]
Ordinal0 [0x002B36A0+1062560]
Ordinal0 [0x002FAA59+1354329]
Ordinal0 [0x002F967A+1349242]
Ordinal0 [0x002F5BEB+1334251]
Ordinal0 [0x002D2174+1188212]
Ordinal0 [0x002D3009+1191945]
GetHandleVerifier [0x0058EC5C+1511084]
GetHandleVerifier [0x00638522+2205554]
GetHandleVerifier [0x00493393+480739]
GetHandleVerifier [0x00492579+477129]
Ordinal0 [0x003B1E5D+2104925]
Ordinal0 [0x003B63F8+2122744]
Ordinal0 [0x003B6537+2123063]
Ordinal0 [0x003BEE53+2158163]
BaseThreadInitThunk [0x74E16359+25]
RtlGetAppContainerNamedObjectPath [0x773A87A4+228]
RtlGetAppContainerNamedObjectPath [0x773A8774+180]
]]>
            </message>
            <full-stacktrace>
              <![CDATA[org.openqa.selenium.SessionNotCreatedException: session not created
from timeout: Timed out receiving message from renderer: 600.000
  (Session info: chrome=92.0.4515.107)
Build info: version: '3.141.59', revision: 'e82be7d358', time: '2018-11-14T08:17:03'
System info: host: 'DESKTOP-3IQAPAE', ip: '192.168.1.4', os.name: 'Windows 10', os.arch: 'amd64', os.version: '10.0', java.version: '1.8.0_291'
Driver info: driver.version: ChromeDriver
remote stacktrace: Backtrace:
Ordinal0 [0x00412DB3+2502067]
Ordinal0 [0x003AC5B1+2082225]
Ordinal0 [0x002B2498+1057944]
Ordinal0 [0x002A4D2F+1002799]
Ordinal0 [0x002A3D69+998761]
Ordinal0 [0x002A4026+999462]
Ordinal0 [0x002A3915+997653]
Ordinal0 [0x002AE534+1041716]
Ordinal0 [0x002A38D1+997585]
Ordinal0 [0x002A47F6+1001462]
Ordinal0 [0x002A3D69+998761]
Ordinal0 [0x002A4026+999462]
Ordinal0 [0x002A3915+997653]
Ordinal0 [0x002AC5AA+1033642]
Ordinal0 [0x002A38D1+997585]
Ordinal0 [0x002A47F6+1001462]
Ordinal0 [0x002A3D69+998761]
Ordinal0 [0x002A4026+999462]
Ordinal0 [0x002A3915+997653]
Ordinal0 [0x002AA459+1025113]
Ordinal0 [0x002A38D1+997585]
Ordinal0 [0x002A47F6+1001462]
Ordinal0 [0x002A3D69+998761]
Ordinal0 [0x002A4026+999462]
Ordinal0 [0x002A3915+997653]
Ordinal0 [0x002A977C+1021820]
Ordinal0 [0x002A38D1+997585]
Ordinal0 [0x002A47F6+1001462]
Ordinal0 [0x002A3D69+998761]
Ordinal0 [0x002A4026+999462]
Ordinal0 [0x002A3915+997653]
Ordinal0 [0x0029F42D+980013]
Ordinal0 [0x002A38D1+997585]
Ordinal0 [0x002A3670+996976]
Ordinal0 [0x002A3409+996361]
Ordinal0 [0x002B36A0+1062560]
Ordinal0 [0x002FAA59+1354329]
Ordinal0 [0x002F967A+1349242]
Ordinal0 [0x002F5BEB+1334251]
Ordinal0 [0x002D2174+1188212]
Ordinal0 [0x002D3009+1191945]
GetHandleVerifier [0x0058EC5C+1511084]
GetHandleVerifier [0x00638522+2205554]
GetHandleVerifier [0x00493393+480739]
GetHandleVerifier [0x00492579+477129]
Ordinal0 [0x003B1E5D+2104925]
Ordinal0 [0x003B63F8+2122744]
Ordinal0 [0x003B6537+2123063]
Ordinal0 [0x003BEE53+2158163]
BaseThreadInitThunk [0x74E16359+25]
RtlGetAppContainerNamedObjectPath [0x773A87A4+228]
RtlGetAppContainerNamedObjectPath [0x773A8774+180]

at sun.reflect.NativeConstructorAccessorImpl.newInstance0(Native Method)
at sun.reflect.NativeConstructorAccessorImpl.newInstance(NativeConstructorAccessorImpl.java:62)
at sun.reflect.DelegatingConstructorAccessorImpl.newInstance(DelegatingConstructorAccessorImpl.java:45)
at java.lang.reflect.Constructor.newInstance(Constructor.java:423)
at org.openqa.selenium.remote.W3CHandshakeResponse.lambda$errorHandler$0(W3CHandshakeResponse.java:62)
at org.openqa.selenium.remote.HandshakeResponse.lambda$getResponseFunction$0(HandshakeResponse.java:30)
at org.openqa.selenium.remote.ProtocolHandshake.lambda$createSession$0(ProtocolHandshake.java:126)
at java.util.stream.ReferencePipeline$3$1.accept(ReferencePipeline.java:193)
at java.util.Spliterators$ArraySpliterator.tryAdvance(Spliterators.java:958)
at java.util.stream.ReferencePipeline.forEachWithCancel(ReferencePipeline.java:126)
at java.util.stream.AbstractPipeline.copyIntoWithCancel(AbstractPipeline.java:499)
at java.util.stream.AbstractPipeline.copyInto(AbstractPipeline.java:486)
at java.util.stream.AbstractPipeline.wrapAndCopyInto(AbstractPipeline.java:472)
at java.util.stream.FindOps$FindOp.evaluateSequential(FindOps.java:152)
at java.util.stream.AbstractPipeline.evaluate(AbstractPipeline.java:234)
at java.util.stream.ReferencePipeline.findFirst(ReferencePipeline.java:464)
at org.openqa.selenium.remote.ProtocolHandshake.createSession(ProtocolHandshake.java:128)
at org.openqa.selenium.remote.ProtocolHandshake.createSession(ProtocolHandshake.java:74)
at org.openqa.selenium.remote.HttpCommandExecutor.execute(HttpCommandExecutor.java:136)
at org.openqa.selenium.remote.service.DriverCommandExecutor.execute(DriverCommandExecutor.java:83)
at org.openqa.selenium.remote.RemoteWebDriver.execute(RemoteWebDriver.java:552)
at org.openqa.selenium.remote.RemoteWebDriver.startSession(RemoteWebDriver.java:213)
at org.openqa.selenium.remote.RemoteWebDriver.<init>(RemoteWebDriver.java:131)
at org.openqa.selenium.chrome.ChromeDriver.<init>(ChromeDriver.java:181)
at org.openqa.selenium.chrome.ChromeDriver.<init>(ChromeDriver.java:168)
at org.openqa.selenium.chrome.ChromeDriver.<init>(ChromeDriver.java:123)
at com.crm.qa.base.TestBase.initialization(TestBase.java:42)
at com.crm.qa.testcases.HomePageTest.setup(HomePageTest.java:23)
at sun.reflect.NativeMethodAccessorImpl.invoke0(Native Method)
at sun.reflect.NativeMethodAccessorImpl.invoke(NativeMethodAccessorImpl.java:62)
at sun.reflect.DelegatingMethodAccessorImpl.invoke(DelegatingMethodAccessorImpl.java:43)
at java.lang.reflect.Method.invoke(Method.java:498)
at org.testng.internal.MethodInvocationHelper.invokeMethod(MethodInvocationHelper.java:133)
at org.testng.internal.MethodInvocationHelper.invokeMethodConsideringTimeout(MethodInvocationHelper.java:62)
at org.testng.internal.ConfigInvoker.invokeConfigurationMethod(ConfigInvoker.java:385)
at org.testng.internal.ConfigInvoker.invokeConfigurations(ConfigInvoker.java:321)
at org.testng.internal.TestInvoker.runConfigMethods(TestInvoker.java:700)
at org.testng.internal.TestInvoker.invokeMethod(TestInvoker.java:527)
at org.testng.internal.TestInvoker.invokeTestMethod(TestInvoker.java:173)
at org.testng.internal.MethodRunner.runInSequence(MethodRunner.java:46)
at org.testng.internal.TestInvoker$MethodInvocationAgent.invoke(TestInvoker.java:824)
at org.testng.internal.TestInvoker.invokeTestMethods(TestInvoker.java:146)
at org.testng.internal.TestMethodWorker.invokeTestMethods(TestMethodWorker.java:146)
at org.testng.internal.TestMethodWorker.run(TestMethodWorker.java:128)
at java.util.ArrayList.forEach(ArrayList.java:1259)
at org.testng.TestRunner.privateRun(TestRunner.java:794)
at org.testng.TestRunner.run(TestRunner.java:596)
at org.testng.SuiteRunner.runTest(SuiteRunner.java:377)
at org.testng.SuiteRunner.runSequentially(SuiteRunner.java:371)
at org.testng.SuiteRunner.privateRun(SuiteRunner.java:332)
at org.testng.SuiteRunner.run(SuiteRunner.java:276)
at org.testng.SuiteRunnerWorker.runSuite(SuiteRunnerWorker.java:53)
at org.testng.SuiteRunnerWorker.run(SuiteRunnerWorker.java:96)
at org.testng.TestNG.runSuitesSequentially(TestNG.java:1212)
at org.testng.TestNG.runSuitesLocally(TestNG.java:1134)
at org.testng.TestNG.runSuites(TestNG.java:1063)
at org.testng.TestNG.run(TestNG.java:1031)
at org.apache.maven.surefire.testng.TestNGExecutor.run(TestNGExecutor.java:135)
at org.apache.maven.surefire.testng.TestNGDirectoryTestSuite.executeMulti(TestNGDirectoryTestSuite.java:193)
at org.apache.maven.surefire.testng.TestNGDirectoryTestSuite.execute(TestNGDirectoryTestSuite.java:94)
at org.apache.maven.surefire.testng.TestNGProvider.invoke(TestNGProvider.java:146)
at org.apache.maven.surefire.booter.ForkedBooter.invokeProviderInSameClassLoader(ForkedBooter.java:384)
at org.apache.maven.surefire.booter.ForkedBooter.runSuitesInProcess(ForkedBooter.java:345)
at org.apache.maven.surefire.booter.ForkedBooter.execute(ForkedBooter.java:126)
at org.apache.maven.surefire.booter.ForkedBooter.main(ForkedBooter.java:418)
]]>
            </full-stacktrace>
          </exception> <!-- org.openqa.selenium.SessionNotCreatedException -->
          <reporter-output>
          </reporter-output>
        </test-method> <!-- openContactsPage -->
        <test-method status="SKIP" signature="teardown()[pri:0, instance:com.crm.qa.testcases.HomePageTest@78e67e0a]" name="teardown" is-config="true" duration-ms="-1627654851005" started-at="2021-07-30T08:20:51 MDT" finished-at="1969-12-31T17:00:00 MST">
          <reporter-output>
          </reporter-output>
        </test-method> <!-- teardown -->
        <test-method status="SKIP" signature="verifyhomepagetitle()[pri:0, instance:com.crm.qa.testcases.HomePageTest@78e67e0a]" name="verifyhomepagetitle" duration-ms="0" started-at="2021-07-30T08:20:51 MDT" finished-at="2021-07-30T08:20:51 MDT">
          <exception class="org.openqa.selenium.SessionNotCreatedException">
            <message>
              <![CDATA[session not created
from timeout: Timed out receiving message from renderer: 600.000
  (Session info: chrome=92.0.4515.107)
Build info: version: '3.141.59', revision: 'e82be7d358', time: '2018-11-14T08:17:03'
System info: host: 'DESKTOP-3IQAPAE', ip: '192.168.1.4', os.name: 'Windows 10', os.arch: 'amd64', os.version: '10.0', java.version: '1.8.0_291'
Driver info: driver.version: ChromeDriver
remote stacktrace: Backtrace:
Ordinal0 [0x00412DB3+2502067]
Ordinal0 [0x003AC5B1+2082225]
Ordinal0 [0x002B2498+1057944]
Ordinal0 [0x002A4D2F+1002799]
Ordinal0 [0x002A3D69+998761]
Ordinal0 [0x002A4026+999462]
Ordinal0 [0x002A3915+997653]
Ordinal0 [0x002AE534+1041716]
Ordinal0 [0x002A38D1+997585]
Ordinal0 [0x002A47F6+1001462]
Ordinal0 [0x002A3D69+998761]
Ordinal0 [0x002A4026+999462]
Ordinal0 [0x002A3915+997653]
Ordinal0 [0x002AC5AA+1033642]
Ordinal0 [0x002A38D1+997585]
Ordinal0 [0x002A47F6+1001462]
Ordinal0 [0x002A3D69+998761]
Ordinal0 [0x002A4026+999462]
Ordinal0 [0x002A3915+997653]
Ordinal0 [0x002AA459+1025113]
Ordinal0 [0x002A38D1+997585]
Ordinal0 [0x002A47F6+1001462]
Ordinal0 [0x002A3D69+998761]
Ordinal0 [0x002A4026+999462]
Ordinal0 [0x002A3915+997653]
Ordinal0 [0x002A977C+1021820]
Ordinal0 [0x002A38D1+997585]
Ordinal0 [0x002A47F6+1001462]
Ordinal0 [0x002A3D69+998761]
Ordinal0 [0x002A4026+999462]
Ordinal0 [0x002A3915+997653]
Ordinal0 [0x0029F42D+980013]
Ordinal0 [0x002A38D1+997585]
Ordinal0 [0x002A3670+996976]
Ordinal0 [0x002A3409+996361]
Ordinal0 [0x002B36A0+1062560]
Ordinal0 [0x002FAA59+1354329]
Ordinal0 [0x002F967A+1349242]
Ordinal0 [0x002F5BEB+1334251]
Ordinal0 [0x002D2174+1188212]
Ordinal0 [0x002D3009+1191945]
GetHandleVerifier [0x0058EC5C+1511084]
GetHandleVerifier [0x00638522+2205554]
GetHandleVerifier [0x00493393+480739]
GetHandleVerifier [0x00492579+477129]
Ordinal0 [0x003B1E5D+2104925]
Ordinal0 [0x003B63F8+2122744]
Ordinal0 [0x003B6537+2123063]
Ordinal0 [0x003BEE53+2158163]
BaseThreadInitThunk [0x74E16359+25]
RtlGetAppContainerNamedObjectPath [0x773A87A4+228]
RtlGetAppContainerNamedObjectPath [0x773A8774+180]
]]>
            </message>
            <full-stacktrace>
              <![CDATA[org.openqa.selenium.SessionNotCreatedException: session not created
from timeout: Timed out receiving message from renderer: 600.000
  (Session info: chrome=92.0.4515.107)
Build info: version: '3.141.59', revision: 'e82be7d358', time: '2018-11-14T08:17:03'
System info: host: 'DESKTOP-3IQAPAE', ip: '192.168.1.4', os.name: 'Windows 10', os.arch: 'amd64', os.version: '10.0', java.version: '1.8.0_291'
Driver info: driver.version: ChromeDriver
remote stacktrace: Backtrace:
Ordinal0 [0x00412DB3+2502067]
Ordinal0 [0x003AC5B1+2082225]
Ordinal0 [0x002B2498+1057944]
Ordinal0 [0x002A4D2F+1002799]
Ordinal0 [0x002A3D69+998761]
Ordinal0 [0x002A4026+999462]
Ordinal0 [0x002A3915+997653]
Ordinal0 [0x002AE534+1041716]
Ordinal0 [0x002A38D1+997585]
Ordinal0 [0x002A47F6+1001462]
Ordinal0 [0x002A3D69+998761]
Ordinal0 [0x002A4026+999462]
Ordinal0 [0x002A3915+997653]
Ordinal0 [0x002AC5AA+1033642]
Ordinal0 [0x002A38D1+997585]
Ordinal0 [0x002A47F6+1001462]
Ordinal0 [0x002A3D69+998761]
Ordinal0 [0x002A4026+999462]
Ordinal0 [0x002A3915+997653]
Ordinal0 [0x002AA459+1025113]
Ordinal0 [0x002A38D1+997585]
Ordinal0 [0x002A47F6+1001462]
Ordinal0 [0x002A3D69+998761]
Ordinal0 [0x002A4026+999462]
Ordinal0 [0x002A3915+997653]
Ordinal0 [0x002A977C+1021820]
Ordinal0 [0x002A38D1+997585]
Ordinal0 [0x002A47F6+1001462]
Ordinal0 [0x002A3D69+998761]
Ordinal0 [0x002A4026+999462]
Ordinal0 [0x002A3915+997653]
Ordinal0 [0x0029F42D+980013]
Ordinal0 [0x002A38D1+997585]
Ordinal0 [0x002A3670+996976]
Ordinal0 [0x002A3409+996361]
Ordinal0 [0x002B36A0+1062560]
Ordinal0 [0x002FAA59+1354329]
Ordinal0 [0x002F967A+1349242]
Ordinal0 [0x002F5BEB+1334251]
Ordinal0 [0x002D2174+1188212]
Ordinal0 [0x002D3009+1191945]
GetHandleVerifier [0x0058EC5C+1511084]
GetHandleVerifier [0x00638522+2205554]
GetHandleVerifier [0x00493393+480739]
GetHandleVerifier [0x00492579+477129]
Ordinal0 [0x003B1E5D+2104925]
Ordinal0 [0x003B63F8+2122744]
Ordinal0 [0x003B6537+2123063]
Ordinal0 [0x003BEE53+2158163]
BaseThreadInitThunk [0x74E16359+25]
RtlGetAppContainerNamedObjectPath [0x773A87A4+228]
RtlGetAppContainerNamedObjectPath [0x773A8774+180]

at sun.reflect.NativeConstructorAccessorImpl.newInstance0(Native Method)
at sun.reflect.NativeConstructorAccessorImpl.newInstance(NativeConstructorAccessorImpl.java:62)
at sun.reflect.DelegatingConstructorAccessorImpl.newInstance(DelegatingConstructorAccessorImpl.java:45)
at java.lang.reflect.Constructor.newInstance(Constructor.java:423)
at org.openqa.selenium.remote.W3CHandshakeResponse.lambda$errorHandler$0(W3CHandshakeResponse.java:62)
at org.openqa.selenium.remote.HandshakeResponse.lambda$getResponseFunction$0(HandshakeResponse.java:30)
at org.openqa.selenium.remote.ProtocolHandshake.lambda$createSession$0(ProtocolHandshake.java:126)
at java.util.stream.ReferencePipeline$3$1.accept(ReferencePipeline.java:193)
at java.util.Spliterators$ArraySpliterator.tryAdvance(Spliterators.java:958)
at java.util.stream.ReferencePipeline.forEachWithCancel(ReferencePipeline.java:126)
at java.util.stream.AbstractPipeline.copyIntoWithCancel(AbstractPipeline.java:499)
at java.util.stream.AbstractPipeline.copyInto(AbstractPipeline.java:486)
at java.util.stream.AbstractPipeline.wrapAndCopyInto(AbstractPipeline.java:472)
at java.util.stream.FindOps$FindOp.evaluateSequential(FindOps.java:152)
at java.util.stream.AbstractPipeline.evaluate(AbstractPipeline.java:234)
at java.util.stream.ReferencePipeline.findFirst(ReferencePipeline.java:464)
at org.openqa.selenium.remote.ProtocolHandshake.createSession(ProtocolHandshake.java:128)
at org.openqa.selenium.remote.ProtocolHandshake.createSession(ProtocolHandshake.java:74)
at org.openqa.selenium.remote.HttpCommandExecutor.execute(HttpCommandExecutor.java:136)
at org.openqa.selenium.remote.service.DriverCommandExecutor.execute(DriverCommandExecutor.java:83)
at org.openqa.selenium.remote.RemoteWebDriver.execute(RemoteWebDriver.java:552)
at org.openqa.selenium.remote.RemoteWebDriver.startSession(RemoteWebDriver.java:213)
at org.openqa.selenium.remote.RemoteWebDriver.<init>(RemoteWebDriver.java:131)
at org.openqa.selenium.chrome.ChromeDriver.<init>(ChromeDriver.java:181)
at org.openqa.selenium.chrome.ChromeDriver.<init>(ChromeDriver.java:168)
at org.openqa.selenium.chrome.ChromeDriver.<init>(ChromeDriver.java:123)
at com.crm.qa.base.TestBase.initialization(TestBase.java:42)
at com.crm.qa.testcases.HomePageTest.setup(HomePageTest.java:23)
at sun.reflect.NativeMethodAccessorImpl.invoke0(Native Method)
at sun.reflect.NativeMethodAccessorImpl.invoke(NativeMethodAccessorImpl.java:62)
at sun.reflect.DelegatingMethodAccessorImpl.invoke(DelegatingMethodAccessorImpl.java:43)
at java.lang.reflect.Method.invoke(Method.java:498)
at org.testng.internal.MethodInvocationHelper.invokeMethod(MethodInvocationHelper.java:133)
at org.testng.internal.MethodInvocationHelper.invokeMethodConsideringTimeout(MethodInvocationHelper.java:62)
at org.testng.internal.ConfigInvoker.invokeConfigurationMethod(ConfigInvoker.java:385)
at org.testng.internal.ConfigInvoker.invokeConfigurations(ConfigInvoker.java:321)
at org.testng.internal.TestInvoker.runConfigMethods(TestInvoker.java:700)
at org.testng.internal.TestInvoker.invokeMethod(TestInvoker.java:527)
at org.testng.internal.TestInvoker.invokeTestMethod(TestInvoker.java:173)
at org.testng.internal.MethodRunner.runInSequence(MethodRunner.java:46)
at org.testng.internal.TestInvoker$MethodInvocationAgent.invoke(TestInvoker.java:824)
at org.testng.internal.TestInvoker.invokeTestMethods(TestInvoker.java:146)
at org.testng.internal.TestMethodWorker.invokeTestMethods(TestMethodWorker.java:146)
at org.testng.internal.TestMethodWorker.run(TestMethodWorker.java:128)
at java.util.ArrayList.forEach(ArrayList.java:1259)
at org.testng.TestRunner.privateRun(TestRunner.java:794)
at org.testng.TestRunner.run(TestRunner.java:596)
at org.testng.SuiteRunner.runTest(SuiteRunner.java:377)
at org.testng.SuiteRunner.runSequentially(SuiteRunner.java:371)
at org.testng.SuiteRunner.privateRun(SuiteRunner.java:332)
at org.testng.SuiteRunner.run(SuiteRunner.java:276)
at org.testng.SuiteRunnerWorker.runSuite(SuiteRunnerWorker.java:53)
at org.testng.SuiteRunnerWorker.run(SuiteRunnerWorker.java:96)
at org.testng.TestNG.runSuitesSequentially(TestNG.java:1212)
at org.testng.TestNG.runSuitesLocally(TestNG.java:1134)
at org.testng.TestNG.runSuites(TestNG.java:1063)
at org.testng.TestNG.run(TestNG.java:1031)
at org.apache.maven.surefire.testng.TestNGExecutor.run(TestNGExecutor.java:135)
at org.apache.maven.surefire.testng.TestNGDirectoryTestSuite.executeMulti(TestNGDirectoryTestSuite.java:193)
at org.apache.maven.surefire.testng.TestNGDirectoryTestSuite.execute(TestNGDirectoryTestSuite.java:94)
at org.apache.maven.surefire.testng.TestNGProvider.invoke(TestNGProvider.java:146)
at org.apache.maven.surefire.booter.ForkedBooter.invokeProviderInSameClassLoader(ForkedBooter.java:384)
at org.apache.maven.surefire.booter.ForkedBooter.runSuitesInProcess(ForkedBooter.java:345)
at org.apache.maven.surefire.booter.ForkedBooter.execute(ForkedBooter.java:126)
at org.apache.maven.surefire.booter.ForkedBooter.main(ForkedBooter.java:418)
]]>
            </full-stacktrace>
          </exception> <!-- org.openqa.selenium.SessionNotCreatedException -->
          <reporter-output>
          </reporter-output>
        </test-method> <!-- verifyhomepagetitle -->
        <test-method status="SKIP" signature="setup()[pri:0, instance:com.crm.qa.testcases.HomePageTest@78e67e0a]" name="setup" is-config="true" duration-ms="-1627654851006" started-at="2021-07-30T08:20:51 MDT" finished-at="1969-12-31T17:00:00 MST">
          <reporter-output>
          </reporter-output>
        </test-method> <!-- setup -->
        <test-method status="SKIP" signature="teardown()[pri:0, instance:com.crm.qa.testcases.HomePageTest@78e67e0a]" name="teardown" is-config="true" duration-ms="-1627654851007" started-at="2021-07-30T08:20:51 MDT" finished-at="1969-12-31T17:00:00 MST">
          <reporter-output>
          </reporter-output>
        </test-method> <!-- teardown -->
      </class> <!-- com.crm.qa.testcases.HomePageTest -->
      <class name="com.crm.qa.testcases.ContactsPageTest">
        <test-method status="FAIL" signature="setUp()[pri:0, instance:com.crm.qa.testcases.ContactsPageTest@5f282abb]" name="setUp" is-config="true" duration-ms="605306" started-at="2021-07-30T08:00:43 MDT" finished-at="2021-07-30T08:10:48 MDT">
          <exception class="org.openqa.selenium.SessionNotCreatedException">
            <message>
              <![CDATA[session not created
from timeout: Timed out receiving message from renderer: 600.000
  (Session info: chrome=92.0.4515.107)
Build info: version: '3.141.59', revision: 'e82be7d358', time: '2018-11-14T08:17:03'
System info: host: 'DESKTOP-3IQAPAE', ip: '192.168.1.4', os.name: 'Windows 10', os.arch: 'amd64', os.version: '10.0', java.version: '1.8.0_291'
Driver info: driver.version: ChromeDriver
remote stacktrace: Backtrace:
Ordinal0 [0x00412DB3+2502067]
Ordinal0 [0x003AC5B1+2082225]
Ordinal0 [0x002B2498+1057944]
Ordinal0 [0x002A4D2F+1002799]
Ordinal0 [0x002A3D69+998761]
Ordinal0 [0x002A4026+999462]
Ordinal0 [0x002A3915+997653]
Ordinal0 [0x002AE534+1041716]
Ordinal0 [0x002A38D1+997585]
Ordinal0 [0x002A47F6+1001462]
Ordinal0 [0x002A3D69+998761]
Ordinal0 [0x002A4026+999462]
Ordinal0 [0x002A3915+997653]
Ordinal0 [0x002AC5AA+1033642]
Ordinal0 [0x002A38D1+997585]
Ordinal0 [0x002A47F6+1001462]
Ordinal0 [0x002A3D69+998761]
Ordinal0 [0x002A4026+999462]
Ordinal0 [0x002A3915+997653]
Ordinal0 [0x002AA459+1025113]
Ordinal0 [0x002A38D1+997585]
Ordinal0 [0x002A47F6+1001462]
Ordinal0 [0x002A3D69+998761]
Ordinal0 [0x002A4026+999462]
Ordinal0 [0x002A3915+997653]
Ordinal0 [0x002A977C+1021820]
Ordinal0 [0x002A38D1+997585]
Ordinal0 [0x002A47F6+1001462]
Ordinal0 [0x002A3D69+998761]
Ordinal0 [0x002A4026+999462]
Ordinal0 [0x002A3915+997653]
Ordinal0 [0x0029F42D+980013]
Ordinal0 [0x002A38D1+997585]
Ordinal0 [0x002A3670+996976]
Ordinal0 [0x002A3409+996361]
Ordinal0 [0x002B36A0+1062560]
Ordinal0 [0x002FAA59+1354329]
Ordinal0 [0x002F967A+1349242]
Ordinal0 [0x002F5BEB+1334251]
Ordinal0 [0x002D2174+1188212]
Ordinal0 [0x002D3009+1191945]
GetHandleVerifier [0x0058EC5C+1511084]
GetHandleVerifier [0x00638522+2205554]
GetHandleVerifier [0x00493393+480739]
GetHandleVerifier [0x00492579+477129]
Ordinal0 [0x003B1E5D+2104925]
Ordinal0 [0x003B63F8+2122744]
Ordinal0 [0x003B6537+2123063]
Ordinal0 [0x003BEE53+2158163]
BaseThreadInitThunk [0x74E16359+25]
RtlGetAppContainerNamedObjectPath [0x773A87A4+228]
RtlGetAppContainerNamedObjectPath [0x773A8774+180]
]]>
            </message>
            <full-stacktrace>
              <![CDATA[org.openqa.selenium.SessionNotCreatedException: session not created
from timeout: Timed out receiving message from renderer: 600.000
  (Session info: chrome=92.0.4515.107)
Build info: version: '3.141.59', revision: 'e82be7d358', time: '2018-11-14T08:17:03'
System info: host: 'DESKTOP-3IQAPAE', ip: '192.168.1.4', os.name: 'Windows 10', os.arch: 'amd64', os.version: '10.0', java.version: '1.8.0_291'
Driver info: driver.version: ChromeDriver
remote stacktrace: Backtrace:
Ordinal0 [0x00412DB3+2502067]
Ordinal0 [0x003AC5B1+2082225]
Ordinal0 [0x002B2498+1057944]
Ordinal0 [0x002A4D2F+1002799]
Ordinal0 [0x002A3D69+998761]
Ordinal0 [0x002A4026+999462]
Ordinal0 [0x002A3915+997653]
Ordinal0 [0x002AE534+1041716]
Ordinal0 [0x002A38D1+997585]
Ordinal0 [0x002A47F6+1001462]
Ordinal0 [0x002A3D69+998761]
Ordinal0 [0x002A4026+999462]
Ordinal0 [0x002A3915+997653]
Ordinal0 [0x002AC5AA+1033642]
Ordinal0 [0x002A38D1+997585]
Ordinal0 [0x002A47F6+1001462]
Ordinal0 [0x002A3D69+998761]
Ordinal0 [0x002A4026+999462]
Ordinal0 [0x002A3915+997653]
Ordinal0 [0x002AA459+1025113]
Ordinal0 [0x002A38D1+997585]
Ordinal0 [0x002A47F6+1001462]
Ordinal0 [0x002A3D69+998761]
Ordinal0 [0x002A4026+999462]
Ordinal0 [0x002A3915+997653]
Ordinal0 [0x002A977C+1021820]
Ordinal0 [0x002A38D1+997585]
Ordinal0 [0x002A47F6+1001462]
Ordinal0 [0x002A3D69+998761]
Ordinal0 [0x002A4026+999462]
Ordinal0 [0x002A3915+997653]
Ordinal0 [0x0029F42D+980013]
Ordinal0 [0x002A38D1+997585]
Ordinal0 [0x002A3670+996976]
Ordinal0 [0x002A3409+996361]
Ordinal0 [0x002B36A0+1062560]
Ordinal0 [0x002FAA59+1354329]
Ordinal0 [0x002F967A+1349242]
Ordinal0 [0x002F5BEB+1334251]
Ordinal0 [0x002D2174+1188212]
Ordinal0 [0x002D3009+1191945]
GetHandleVerifier [0x0058EC5C+1511084]
GetHandleVerifier [0x00638522+2205554]
GetHandleVerifier [0x00493393+480739]
GetHandleVerifier [0x00492579+477129]
Ordinal0 [0x003B1E5D+2104925]
Ordinal0 [0x003B63F8+2122744]
Ordinal0 [0x003B6537+2123063]
Ordinal0 [0x003BEE53+2158163]
BaseThreadInitThunk [0x74E16359+25]
RtlGetAppContainerNamedObjectPath [0x773A87A4+228]
RtlGetAppContainerNamedObjectPath [0x773A8774+180]

at sun.reflect.NativeConstructorAccessorImpl.newInstance0(Native Method)
at sun.reflect.NativeConstructorAccessorImpl.newInstance(NativeConstructorAccessorImpl.java:62)
at sun.reflect.DelegatingConstructorAccessorImpl.newInstance(DelegatingConstructorAccessorImpl.java:45)
at java.lang.reflect.Constructor.newInstance(Constructor.java:423)
at org.openqa.selenium.remote.W3CHandshakeResponse.lambda$errorHandler$0(W3CHandshakeResponse.java:62)
at org.openqa.selenium.remote.HandshakeResponse.lambda$getResponseFunction$0(HandshakeResponse.java:30)
at org.openqa.selenium.remote.ProtocolHandshake.lambda$createSession$0(ProtocolHandshake.java:126)
at java.util.stream.ReferencePipeline$3$1.accept(ReferencePipeline.java:193)
at java.util.Spliterators$ArraySpliterator.tryAdvance(Spliterators.java:958)
at java.util.stream.ReferencePipeline.forEachWithCancel(ReferencePipeline.java:126)
at java.util.stream.AbstractPipeline.copyIntoWithCancel(AbstractPipeline.java:499)
at java.util.stream.AbstractPipeline.copyInto(AbstractPipeline.java:486)
at java.util.stream.AbstractPipeline.wrapAndCopyInto(AbstractPipeline.java:472)
at java.util.stream.FindOps$FindOp.evaluateSequential(FindOps.java:152)
at java.util.stream.AbstractPipeline.evaluate(AbstractPipeline.java:234)
at java.util.stream.ReferencePipeline.findFirst(ReferencePipeline.java:464)
at org.openqa.selenium.remote.ProtocolHandshake.createSession(ProtocolHandshake.java:128)
at org.openqa.selenium.remote.ProtocolHandshake.createSession(ProtocolHandshake.java:74)
at org.openqa.selenium.remote.HttpCommandExecutor.execute(HttpCommandExecutor.java:136)
at org.openqa.selenium.remote.service.DriverCommandExecutor.execute(DriverCommandExecutor.java:83)
at org.openqa.selenium.remote.RemoteWebDriver.execute(RemoteWebDriver.java:552)
at org.openqa.selenium.remote.RemoteWebDriver.startSession(RemoteWebDriver.java:213)
at org.openqa.selenium.remote.RemoteWebDriver.<init>(RemoteWebDriver.java:131)
at org.openqa.selenium.chrome.ChromeDriver.<init>(ChromeDriver.java:181)
at org.openqa.selenium.chrome.ChromeDriver.<init>(ChromeDriver.java:168)
at org.openqa.selenium.chrome.ChromeDriver.<init>(ChromeDriver.java:123)
at com.crm.qa.base.TestBase.initialization(TestBase.java:42)
at com.crm.qa.testcases.ContactsPageTest.setUp(ContactsPageTest.java:32)
at sun.reflect.NativeMethodAccessorImpl.invoke0(Native Method)
at sun.reflect.NativeMethodAccessorImpl.invoke(NativeMethodAccessorImpl.java:62)
at sun.reflect.DelegatingMethodAccessorImpl.invoke(DelegatingMethodAccessorImpl.java:43)
at java.lang.reflect.Method.invoke(Method.java:498)
at org.testng.internal.MethodInvocationHelper.invokeMethod(MethodInvocationHelper.java:133)
at org.testng.internal.MethodInvocationHelper.invokeMethodConsideringTimeout(MethodInvocationHelper.java:62)
at org.testng.internal.ConfigInvoker.invokeConfigurationMethod(ConfigInvoker.java:385)
at org.testng.internal.ConfigInvoker.invokeConfigurations(ConfigInvoker.java:321)
at org.testng.internal.TestInvoker.runConfigMethods(TestInvoker.java:700)
at org.testng.internal.TestInvoker.invokeMethod(TestInvoker.java:527)
at org.testng.internal.TestInvoker.invokeTestMethod(TestInvoker.java:173)
at org.testng.internal.MethodRunner.runInSequence(MethodRunner.java:46)
at org.testng.internal.TestInvoker$MethodInvocationAgent.invoke(TestInvoker.java:824)
at org.testng.internal.TestInvoker.invokeTestMethods(TestInvoker.java:146)
at org.testng.internal.TestMethodWorker.invokeTestMethods(TestMethodWorker.java:146)
at org.testng.internal.TestMethodWorker.run(TestMethodWorker.java:128)
at java.util.ArrayList.forEach(ArrayList.java:1259)
at org.testng.TestRunner.privateRun(TestRunner.java:794)
at org.testng.TestRunner.run(TestRunner.java:596)
at org.testng.SuiteRunner.runTest(SuiteRunner.java:377)
at org.testng.SuiteRunner.runSequentially(SuiteRunner.java:371)
at org.testng.SuiteRunner.privateRun(SuiteRunner.java:332)
at org.testng.SuiteRunner.run(SuiteRunner.java:276)
at org.testng.SuiteRunnerWorker.runSuite(SuiteRunnerWorker.java:53)
at org.testng.SuiteRunnerWorker.run(SuiteRunnerWorker.java:96)
at org.testng.TestNG.runSuitesSequentially(TestNG.java:1212)
at org.testng.TestNG.runSuitesLocally(TestNG.java:1134)
at org.testng.TestNG.runSuites(TestNG.java:1063)
at org.testng.TestNG.run(TestNG.java:1031)
at org.apache.maven.surefire.testng.TestNGExecutor.run(TestNGExecutor.java:135)
at org.apache.maven.surefire.testng.TestNGDirectoryTestSuite.executeMulti(TestNGDirectoryTestSuite.java:193)
at org.apache.maven.surefire.testng.TestNGDirectoryTestSuite.execute(TestNGDirectoryTestSuite.java:94)
at org.apache.maven.surefire.testng.TestNGProvider.invoke(TestNGProvider.java:146)
at org.apache.maven.surefire.booter.ForkedBooter.invokeProviderInSameClassLoader(ForkedBooter.java:384)
at org.apache.maven.surefire.booter.ForkedBooter.runSuitesInProcess(ForkedBooter.java:345)
at org.apache.maven.surefire.booter.ForkedBooter.execute(ForkedBooter.java:126)
at org.apache.maven.surefire.booter.ForkedBooter.main(ForkedBooter.java:418)
]]>
            </full-stacktrace>
          </exception> <!-- org.openqa.selenium.SessionNotCreatedException -->
          <reporter-output>
          </reporter-output>
        </test-method> <!-- setUp -->
        <test-method status="SKIP" signature="verifycontactpagetitle()[pri:0, instance:com.crm.qa.testcases.ContactsPageTest@5f282abb]" name="verifycontactpagetitle" duration-ms="0" started-at="2021-07-30T08:10:48 MDT" finished-at="2021-07-30T08:10:48 MDT">
          <exception class="org.openqa.selenium.SessionNotCreatedException">
            <message>
              <![CDATA[session not created
from timeout: Timed out receiving message from renderer: 600.000
  (Session info: chrome=92.0.4515.107)
Build info: version: '3.141.59', revision: 'e82be7d358', time: '2018-11-14T08:17:03'
System info: host: 'DESKTOP-3IQAPAE', ip: '192.168.1.4', os.name: 'Windows 10', os.arch: 'amd64', os.version: '10.0', java.version: '1.8.0_291'
Driver info: driver.version: ChromeDriver
remote stacktrace: Backtrace:
Ordinal0 [0x00412DB3+2502067]
Ordinal0 [0x003AC5B1+2082225]
Ordinal0 [0x002B2498+1057944]
Ordinal0 [0x002A4D2F+1002799]
Ordinal0 [0x002A3D69+998761]
Ordinal0 [0x002A4026+999462]
Ordinal0 [0x002A3915+997653]
Ordinal0 [0x002AE534+1041716]
Ordinal0 [0x002A38D1+997585]
Ordinal0 [0x002A47F6+1001462]
Ordinal0 [0x002A3D69+998761]
Ordinal0 [0x002A4026+999462]
Ordinal0 [0x002A3915+997653]
Ordinal0 [0x002AC5AA+1033642]
Ordinal0 [0x002A38D1+997585]
Ordinal0 [0x002A47F6+1001462]
Ordinal0 [0x002A3D69+998761]
Ordinal0 [0x002A4026+999462]
Ordinal0 [0x002A3915+997653]
Ordinal0 [0x002AA459+1025113]
Ordinal0 [0x002A38D1+997585]
Ordinal0 [0x002A47F6+1001462]
Ordinal0 [0x002A3D69+998761]
Ordinal0 [0x002A4026+999462]
Ordinal0 [0x002A3915+997653]
Ordinal0 [0x002A977C+1021820]
Ordinal0 [0x002A38D1+997585]
Ordinal0 [0x002A47F6+1001462]
Ordinal0 [0x002A3D69+998761]
Ordinal0 [0x002A4026+999462]
Ordinal0 [0x002A3915+997653]
Ordinal0 [0x0029F42D+980013]
Ordinal0 [0x002A38D1+997585]
Ordinal0 [0x002A3670+996976]
Ordinal0 [0x002A3409+996361]
Ordinal0 [0x002B36A0+1062560]
Ordinal0 [0x002FAA59+1354329]
Ordinal0 [0x002F967A+1349242]
Ordinal0 [0x002F5BEB+1334251]
Ordinal0 [0x002D2174+1188212]
Ordinal0 [0x002D3009+1191945]
GetHandleVerifier [0x0058EC5C+1511084]
GetHandleVerifier [0x00638522+2205554]
GetHandleVerifier [0x00493393+480739]
GetHandleVerifier [0x00492579+477129]
Ordinal0 [0x003B1E5D+2104925]
Ordinal0 [0x003B63F8+2122744]
Ordinal0 [0x003B6537+2123063]
Ordinal0 [0x003BEE53+2158163]
BaseThreadInitThunk [0x74E16359+25]
RtlGetAppContainerNamedObjectPath [0x773A87A4+228]
RtlGetAppContainerNamedObjectPath [0x773A8774+180]
]]>
            </message>
            <full-stacktrace>
              <![CDATA[org.openqa.selenium.SessionNotCreatedException: session not created
from timeout: Timed out receiving message from renderer: 600.000
  (Session info: chrome=92.0.4515.107)
Build info: version: '3.141.59', revision: 'e82be7d358', time: '2018-11-14T08:17:03'
System info: host: 'DESKTOP-3IQAPAE', ip: '192.168.1.4', os.name: 'Windows 10', os.arch: 'amd64', os.version: '10.0', java.version: '1.8.0_291'
Driver info: driver.version: ChromeDriver
remote stacktrace: Backtrace:
Ordinal0 [0x00412DB3+2502067]
Ordinal0 [0x003AC5B1+2082225]
Ordinal0 [0x002B2498+1057944]
Ordinal0 [0x002A4D2F+1002799]
Ordinal0 [0x002A3D69+998761]
Ordinal0 [0x002A4026+999462]
Ordinal0 [0x002A3915+997653]
Ordinal0 [0x002AE534+1041716]
Ordinal0 [0x002A38D1+997585]
Ordinal0 [0x002A47F6+1001462]
Ordinal0 [0x002A3D69+998761]
Ordinal0 [0x002A4026+999462]
Ordinal0 [0x002A3915+997653]
Ordinal0 [0x002AC5AA+1033642]
Ordinal0 [0x002A38D1+997585]
Ordinal0 [0x002A47F6+1001462]
Ordinal0 [0x002A3D69+998761]
Ordinal0 [0x002A4026+999462]
Ordinal0 [0x002A3915+997653]
Ordinal0 [0x002AA459+1025113]
Ordinal0 [0x002A38D1+997585]
Ordinal0 [0x002A47F6+1001462]
Ordinal0 [0x002A3D69+998761]
Ordinal0 [0x002A4026+999462]
Ordinal0 [0x002A3915+997653]
Ordinal0 [0x002A977C+1021820]
Ordinal0 [0x002A38D1+997585]
Ordinal0 [0x002A47F6+1001462]
Ordinal0 [0x002A3D69+998761]
Ordinal0 [0x002A4026+999462]
Ordinal0 [0x002A3915+997653]
Ordinal0 [0x0029F42D+980013]
Ordinal0 [0x002A38D1+997585]
Ordinal0 [0x002A3670+996976]
Ordinal0 [0x002A3409+996361]
Ordinal0 [0x002B36A0+1062560]
Ordinal0 [0x002FAA59+1354329]
Ordinal0 [0x002F967A+1349242]
Ordinal0 [0x002F5BEB+1334251]
Ordinal0 [0x002D2174+1188212]
Ordinal0 [0x002D3009+1191945]
GetHandleVerifier [0x0058EC5C+1511084]
GetHandleVerifier [0x00638522+2205554]
GetHandleVerifier [0x00493393+480739]
GetHandleVerifier [0x00492579+477129]
Ordinal0 [0x003B1E5D+2104925]
Ordinal0 [0x003B63F8+2122744]
Ordinal0 [0x003B6537+2123063]
Ordinal0 [0x003BEE53+2158163]
BaseThreadInitThunk [0x74E16359+25]
RtlGetAppContainerNamedObjectPath [0x773A87A4+228]
RtlGetAppContainerNamedObjectPath [0x773A8774+180]

at sun.reflect.NativeConstructorAccessorImpl.newInstance0(Native Method)
at sun.reflect.NativeConstructorAccessorImpl.newInstance(NativeConstructorAccessorImpl.java:62)
at sun.reflect.DelegatingConstructorAccessorImpl.newInstance(DelegatingConstructorAccessorImpl.java:45)
at java.lang.reflect.Constructor.newInstance(Constructor.java:423)
at org.openqa.selenium.remote.W3CHandshakeResponse.lambda$errorHandler$0(W3CHandshakeResponse.java:62)
at org.openqa.selenium.remote.HandshakeResponse.lambda$getResponseFunction$0(HandshakeResponse.java:30)
at org.openqa.selenium.remote.ProtocolHandshake.lambda$createSession$0(ProtocolHandshake.java:126)
at java.util.stream.ReferencePipeline$3$1.accept(ReferencePipeline.java:193)
at java.util.Spliterators$ArraySpliterator.tryAdvance(Spliterators.java:958)
at java.util.stream.ReferencePipeline.forEachWithCancel(ReferencePipeline.java:126)
at java.util.stream.AbstractPipeline.copyIntoWithCancel(AbstractPipeline.java:499)
at java.util.stream.AbstractPipeline.copyInto(AbstractPipeline.java:486)
at java.util.stream.AbstractPipeline.wrapAndCopyInto(AbstractPipeline.java:472)
at java.util.stream.FindOps$FindOp.evaluateSequential(FindOps.java:152)
at java.util.stream.AbstractPipeline.evaluate(AbstractPipeline.java:234)
at java.util.stream.ReferencePipeline.findFirst(ReferencePipeline.java:464)
at org.openqa.selenium.remote.ProtocolHandshake.createSession(ProtocolHandshake.java:128)
at org.openqa.selenium.remote.ProtocolHandshake.createSession(ProtocolHandshake.java:74)
at org.openqa.selenium.remote.HttpCommandExecutor.execute(HttpCommandExecutor.java:136)
at org.openqa.selenium.remote.service.DriverCommandExecutor.execute(DriverCommandExecutor.java:83)
at org.openqa.selenium.remote.RemoteWebDriver.execute(RemoteWebDriver.java:552)
at org.openqa.selenium.remote.RemoteWebDriver.startSession(RemoteWebDriver.java:213)
at org.openqa.selenium.remote.RemoteWebDriver.<init>(RemoteWebDriver.java:131)
at org.openqa.selenium.chrome.ChromeDriver.<init>(ChromeDriver.java:181)
at org.openqa.selenium.chrome.ChromeDriver.<init>(ChromeDriver.java:168)
at org.openqa.selenium.chrome.ChromeDriver.<init>(ChromeDriver.java:123)
at com.crm.qa.base.TestBase.initialization(TestBase.java:42)
at com.crm.qa.testcases.ContactsPageTest.setUp(ContactsPageTest.java:32)
at sun.reflect.NativeMethodAccessorImpl.invoke0(Native Method)
at sun.reflect.NativeMethodAccessorImpl.invoke(NativeMethodAccessorImpl.java:62)
at sun.reflect.DelegatingMethodAccessorImpl.invoke(DelegatingMethodAccessorImpl.java:43)
at java.lang.reflect.Method.invoke(Method.java:498)
at org.testng.internal.MethodInvocationHelper.invokeMethod(MethodInvocationHelper.java:133)
at org.testng.internal.MethodInvocationHelper.invokeMethodConsideringTimeout(MethodInvocationHelper.java:62)
at org.testng.internal.ConfigInvoker.invokeConfigurationMethod(ConfigInvoker.java:385)
at org.testng.internal.ConfigInvoker.invokeConfigurations(ConfigInvoker.java:321)
at org.testng.internal.TestInvoker.runConfigMethods(TestInvoker.java:700)
at org.testng.internal.TestInvoker.invokeMethod(TestInvoker.java:527)
at org.testng.internal.TestInvoker.invokeTestMethod(TestInvoker.java:173)
at org.testng.internal.MethodRunner.runInSequence(MethodRunner.java:46)
at org.testng.internal.TestInvoker$MethodInvocationAgent.invoke(TestInvoker.java:824)
at org.testng.internal.TestInvoker.invokeTestMethods(TestInvoker.java:146)
at org.testng.internal.TestMethodWorker.invokeTestMethods(TestMethodWorker.java:146)
at org.testng.internal.TestMethodWorker.run(TestMethodWorker.java:128)
at java.util.ArrayList.forEach(ArrayList.java:1259)
at org.testng.TestRunner.privateRun(TestRunner.java:794)
at org.testng.TestRunner.run(TestRunner.java:596)
at org.testng.SuiteRunner.runTest(SuiteRunner.java:377)
at org.testng.SuiteRunner.runSequentially(SuiteRunner.java:371)
at org.testng.SuiteRunner.privateRun(SuiteRunner.java:332)
at org.testng.SuiteRunner.run(SuiteRunner.java:276)
at org.testng.SuiteRunnerWorker.runSuite(SuiteRunnerWorker.java:53)
at org.testng.SuiteRunnerWorker.run(SuiteRunnerWorker.java:96)
at org.testng.TestNG.runSuitesSequentially(TestNG.java:1212)
at org.testng.TestNG.runSuitesLocally(TestNG.java:1134)
at org.testng.TestNG.runSuites(TestNG.java:1063)
at org.testng.TestNG.run(TestNG.java:1031)
at org.apache.maven.surefire.testng.TestNGExecutor.run(TestNGExecutor.java:135)
at org.apache.maven.surefire.testng.TestNGDirectoryTestSuite.executeMulti(TestNGDirectoryTestSuite.java:193)
at org.apache.maven.surefire.testng.TestNGDirectoryTestSuite.execute(TestNGDirectoryTestSuite.java:94)
at org.apache.maven.surefire.testng.TestNGProvider.invoke(TestNGProvider.java:146)
at org.apache.maven.surefire.booter.ForkedBooter.invokeProviderInSameClassLoader(ForkedBooter.java:384)
at org.apache.maven.surefire.booter.ForkedBooter.runSuitesInProcess(ForkedBooter.java:345)
at org.apache.maven.surefire.booter.ForkedBooter.execute(ForkedBooter.java:126)
at org.apache.maven.surefire.booter.ForkedBooter.main(ForkedBooter.java:418)
]]>
            </full-stacktrace>
          </exception> <!-- org.openqa.selenium.SessionNotCreatedException -->
          <reporter-output>
          </reporter-output>
        </test-method> <!-- verifycontactpagetitle -->
        <test-method status="SKIP" signature="teardown()[pri:0, instance:com.crm.qa.testcases.ContactsPageTest@5f282abb]" name="teardown" is-config="true" duration-ms="-1627654248975" started-at="2021-07-30T08:10:48 MDT" finished-at="1969-12-31T17:00:00 MST">
          <reporter-output>
          </reporter-output>
        </test-method> <!-- teardown -->
      </class> <!-- com.crm.qa.testcases.ContactsPageTest -->
      <class name="com.crm.qa.testcases.LoginPageTest">
        <test-method status="FAIL" signature="setUp()[pri:0, instance:com.crm.qa.testcases.LoginPageTest@bd8db5a]" name="setUp" is-config="true" duration-ms="602172" started-at="2021-07-30T08:20:51 MDT" finished-at="2021-07-30T08:30:53 MDT">
          <exception class="org.openqa.selenium.SessionNotCreatedException">
            <message>
              <![CDATA[session not created
from timeout: Timed out receiving message from renderer: 600.000
  (Session info: chrome=92.0.4515.107)
Build info: version: '3.141.59', revision: 'e82be7d358', time: '2018-11-14T08:17:03'
System info: host: 'DESKTOP-3IQAPAE', ip: '192.168.1.4', os.name: 'Windows 10', os.arch: 'amd64', os.version: '10.0', java.version: '1.8.0_291'
Driver info: driver.version: ChromeDriver
remote stacktrace: Backtrace:
Ordinal0 [0x00412DB3+2502067]
Ordinal0 [0x003AC5B1+2082225]
Ordinal0 [0x002B2498+1057944]
Ordinal0 [0x002A4D2F+1002799]
Ordinal0 [0x002A3D69+998761]
Ordinal0 [0x002A4026+999462]
Ordinal0 [0x002A3915+997653]
Ordinal0 [0x002AE534+1041716]
Ordinal0 [0x002A38D1+997585]
Ordinal0 [0x002A47F6+1001462]
Ordinal0 [0x002A3D69+998761]
Ordinal0 [0x002A4026+999462]
Ordinal0 [0x002A3915+997653]
Ordinal0 [0x002AC5AA+1033642]
Ordinal0 [0x002A38D1+997585]
Ordinal0 [0x002A47F6+1001462]
Ordinal0 [0x002A3D69+998761]
Ordinal0 [0x002A4026+999462]
Ordinal0 [0x002A3915+997653]
Ordinal0 [0x002AA459+1025113]
Ordinal0 [0x002A38D1+997585]
Ordinal0 [0x002A47F6+1001462]
Ordinal0 [0x002A3D69+998761]
Ordinal0 [0x002A4026+999462]
Ordinal0 [0x002A3915+997653]
Ordinal0 [0x002A977C+1021820]
Ordinal0 [0x002A38D1+997585]
Ordinal0 [0x002A47F6+1001462]
Ordinal0 [0x002A3D69+998761]
Ordinal0 [0x002A4026+999462]
Ordinal0 [0x002A3915+997653]
Ordinal0 [0x0029F42D+980013]
Ordinal0 [0x002A38D1+997585]
Ordinal0 [0x002A3670+996976]
Ordinal0 [0x002A3409+996361]
Ordinal0 [0x002B36A0+1062560]
Ordinal0 [0x002FAA59+1354329]
Ordinal0 [0x002F967A+1349242]
Ordinal0 [0x002F5BEB+1334251]
Ordinal0 [0x002D2174+1188212]
Ordinal0 [0x002D3009+1191945]
GetHandleVerifier [0x0058EC5C+1511084]
GetHandleVerifier [0x00638522+2205554]
GetHandleVerifier [0x00493393+480739]
GetHandleVerifier [0x00492579+477129]
Ordinal0 [0x003B1E5D+2104925]
Ordinal0 [0x003B63F8+2122744]
Ordinal0 [0x003B6537+2123063]
Ordinal0 [0x003BEE53+2158163]
BaseThreadInitThunk [0x74E16359+25]
RtlGetAppContainerNamedObjectPath [0x773A87A4+228]
RtlGetAppContainerNamedObjectPath [0x773A8774+180]
]]>
            </message>
            <full-stacktrace>
              <![CDATA[org.openqa.selenium.SessionNotCreatedException: session not created
from timeout: Timed out receiving message from renderer: 600.000
  (Session info: chrome=92.0.4515.107)
Build info: version: '3.141.59', revision: 'e82be7d358', time: '2018-11-14T08:17:03'
System info: host: 'DESKTOP-3IQAPAE', ip: '192.168.1.4', os.name: 'Windows 10', os.arch: 'amd64', os.version: '10.0', java.version: '1.8.0_291'
Driver info: driver.version: ChromeDriver
remote stacktrace: Backtrace:
Ordinal0 [0x00412DB3+2502067]
Ordinal0 [0x003AC5B1+2082225]
Ordinal0 [0x002B2498+1057944]
Ordinal0 [0x002A4D2F+1002799]
Ordinal0 [0x002A3D69+998761]
Ordinal0 [0x002A4026+999462]
Ordinal0 [0x002A3915+997653]
Ordinal0 [0x002AE534+1041716]
Ordinal0 [0x002A38D1+997585]
Ordinal0 [0x002A47F6+1001462]
Ordinal0 [0x002A3D69+998761]
Ordinal0 [0x002A4026+999462]
Ordinal0 [0x002A3915+997653]
Ordinal0 [0x002AC5AA+1033642]
Ordinal0 [0x002A38D1+997585]
Ordinal0 [0x002A47F6+1001462]
Ordinal0 [0x002A3D69+998761]
Ordinal0 [0x002A4026+999462]
Ordinal0 [0x002A3915+997653]
Ordinal0 [0x002AA459+1025113]
Ordinal0 [0x002A38D1+997585]
Ordinal0 [0x002A47F6+1001462]
Ordinal0 [0x002A3D69+998761]
Ordinal0 [0x002A4026+999462]
Ordinal0 [0x002A3915+997653]
Ordinal0 [0x002A977C+1021820]
Ordinal0 [0x002A38D1+997585]
Ordinal0 [0x002A47F6+1001462]
Ordinal0 [0x002A3D69+998761]
Ordinal0 [0x002A4026+999462]
Ordinal0 [0x002A3915+997653]
Ordinal0 [0x0029F42D+980013]
Ordinal0 [0x002A38D1+997585]
Ordinal0 [0x002A3670+996976]
Ordinal0 [0x002A3409+996361]
Ordinal0 [0x002B36A0+1062560]
Ordinal0 [0x002FAA59+1354329]
Ordinal0 [0x002F967A+1349242]
Ordinal0 [0x002F5BEB+1334251]
Ordinal0 [0x002D2174+1188212]
Ordinal0 [0x002D3009+1191945]
GetHandleVerifier [0x0058EC5C+1511084]
GetHandleVerifier [0x00638522+2205554]
GetHandleVerifier [0x00493393+480739]
GetHandleVerifier [0x00492579+477129]
Ordinal0 [0x003B1E5D+2104925]
Ordinal0 [0x003B63F8+2122744]
Ordinal0 [0x003B6537+2123063]
Ordinal0 [0x003BEE53+2158163]
BaseThreadInitThunk [0x74E16359+25]
RtlGetAppContainerNamedObjectPath [0x773A87A4+228]
RtlGetAppContainerNamedObjectPath [0x773A8774+180]

at sun.reflect.NativeConstructorAccessorImpl.newInstance0(Native Method)
at sun.reflect.NativeConstructorAccessorImpl.newInstance(NativeConstructorAccessorImpl.java:62)
at sun.reflect.DelegatingConstructorAccessorImpl.newInstance(DelegatingConstructorAccessorImpl.java:45)
at java.lang.reflect.Constructor.newInstance(Constructor.java:423)
at org.openqa.selenium.remote.W3CHandshakeResponse.lambda$errorHandler$0(W3CHandshakeResponse.java:62)
at org.openqa.selenium.remote.HandshakeResponse.lambda$getResponseFunction$0(HandshakeResponse.java:30)
at org.openqa.selenium.remote.ProtocolHandshake.lambda$createSession$0(ProtocolHandshake.java:126)
at java.util.stream.ReferencePipeline$3$1.accept(ReferencePipeline.java:193)
at java.util.Spliterators$ArraySpliterator.tryAdvance(Spliterators.java:958)
at java.util.stream.ReferencePipeline.forEachWithCancel(ReferencePipeline.java:126)
at java.util.stream.AbstractPipeline.copyIntoWithCancel(AbstractPipeline.java:499)
at java.util.stream.AbstractPipeline.copyInto(AbstractPipeline.java:486)
at java.util.stream.AbstractPipeline.wrapAndCopyInto(AbstractPipeline.java:472)
at java.util.stream.FindOps$FindOp.evaluateSequential(FindOps.java:152)
at java.util.stream.AbstractPipeline.evaluate(AbstractPipeline.java:234)
at java.util.stream.ReferencePipeline.findFirst(ReferencePipeline.java:464)
at org.openqa.selenium.remote.ProtocolHandshake.createSession(ProtocolHandshake.java:128)
at org.openqa.selenium.remote.ProtocolHandshake.createSession(ProtocolHandshake.java:74)
at org.openqa.selenium.remote.HttpCommandExecutor.execute(HttpCommandExecutor.java:136)
at org.openqa.selenium.remote.service.DriverCommandExecutor.execute(DriverCommandExecutor.java:83)
at org.openqa.selenium.remote.RemoteWebDriver.execute(RemoteWebDriver.java:552)
at org.openqa.selenium.remote.RemoteWebDriver.startSession(RemoteWebDriver.java:213)
at org.openqa.selenium.remote.RemoteWebDriver.<init>(RemoteWebDriver.java:131)
at org.openqa.selenium.chrome.ChromeDriver.<init>(ChromeDriver.java:181)
at org.openqa.selenium.chrome.ChromeDriver.<init>(ChromeDriver.java:168)
at org.openqa.selenium.chrome.ChromeDriver.<init>(ChromeDriver.java:123)
at com.crm.qa.base.TestBase.initialization(TestBase.java:42)
at com.crm.qa.testcases.LoginPageTest.setUp(LoginPageTest.java:23)
at sun.reflect.NativeMethodAccessorImpl.invoke0(Native Method)
at sun.reflect.NativeMethodAccessorImpl.invoke(NativeMethodAccessorImpl.java:62)
at sun.reflect.DelegatingMethodAccessorImpl.invoke(DelegatingMethodAccessorImpl.java:43)
at java.lang.reflect.Method.invoke(Method.java:498)
at org.testng.internal.MethodInvocationHelper.invokeMethod(MethodInvocationHelper.java:133)
at org.testng.internal.MethodInvocationHelper.invokeMethodConsideringTimeout(MethodInvocationHelper.java:62)
at org.testng.internal.ConfigInvoker.invokeConfigurationMethod(ConfigInvoker.java:385)
at org.testng.internal.ConfigInvoker.invokeConfigurations(ConfigInvoker.java:321)
at org.testng.internal.TestInvoker.runConfigMethods(TestInvoker.java:700)
at org.testng.internal.TestInvoker.invokeMethod(TestInvoker.java:527)
at org.testng.internal.TestInvoker.invokeTestMethod(TestInvoker.java:173)
at org.testng.internal.MethodRunner.runInSequence(MethodRunner.java:46)
at org.testng.internal.TestInvoker$MethodInvocationAgent.invoke(TestInvoker.java:824)
at org.testng.internal.TestInvoker.invokeTestMethods(TestInvoker.java:146)
at org.testng.internal.TestMethodWorker.invokeTestMethods(TestMethodWorker.java:146)
at org.testng.internal.TestMethodWorker.run(TestMethodWorker.java:128)
at java.util.ArrayList.forEach(ArrayList.java:1259)
at org.testng.TestRunner.privateRun(TestRunner.java:794)
at org.testng.TestRunner.run(TestRunner.java:596)
at org.testng.SuiteRunner.runTest(SuiteRunner.java:377)
at org.testng.SuiteRunner.runSequentially(SuiteRunner.java:371)
at org.testng.SuiteRunner.privateRun(SuiteRunner.java:332)
at org.testng.SuiteRunner.run(SuiteRunner.java:276)
at org.testng.SuiteRunnerWorker.runSuite(SuiteRunnerWorker.java:53)
at org.testng.SuiteRunnerWorker.run(SuiteRunnerWorker.java:96)
at org.testng.TestNG.runSuitesSequentially(TestNG.java:1212)
at org.testng.TestNG.runSuitesLocally(TestNG.java:1134)
at org.testng.TestNG.runSuites(TestNG.java:1063)
at org.testng.TestNG.run(TestNG.java:1031)
at org.apache.maven.surefire.testng.TestNGExecutor.run(TestNGExecutor.java:135)
at org.apache.maven.surefire.testng.TestNGDirectoryTestSuite.executeMulti(TestNGDirectoryTestSuite.java:193)
at org.apache.maven.surefire.testng.TestNGDirectoryTestSuite.execute(TestNGDirectoryTestSuite.java:94)
at org.apache.maven.surefire.testng.TestNGProvider.invoke(TestNGProvider.java:146)
at org.apache.maven.surefire.booter.ForkedBooter.invokeProviderInSameClassLoader(ForkedBooter.java:384)
at org.apache.maven.surefire.booter.ForkedBooter.runSuitesInProcess(ForkedBooter.java:345)
at org.apache.maven.surefire.booter.ForkedBooter.execute(ForkedBooter.java:126)
at org.apache.maven.surefire.booter.ForkedBooter.main(ForkedBooter.java:418)
]]>
            </full-stacktrace>
          </exception> <!-- org.openqa.selenium.SessionNotCreatedException -->
          <reporter-output>
          </reporter-output>
        </test-method> <!-- setUp -->
        <test-method status="SKIP" signature="loginPagetitleTest()[pri:1, instance:com.crm.qa.testcases.LoginPageTest@bd8db5a]" name="loginPagetitleTest" duration-ms="0" started-at="2021-07-30T08:30:53 MDT" finished-at="2021-07-30T08:30:53 MDT">
          <exception class="org.openqa.selenium.SessionNotCreatedException">
            <message>
              <![CDATA[session not created
from timeout: Timed out receiving message from renderer: 600.000
  (Session info: chrome=92.0.4515.107)
Build info: version: '3.141.59', revision: 'e82be7d358', time: '2018-11-14T08:17:03'
System info: host: 'DESKTOP-3IQAPAE', ip: '192.168.1.4', os.name: 'Windows 10', os.arch: 'amd64', os.version: '10.0', java.version: '1.8.0_291'
Driver info: driver.version: ChromeDriver
remote stacktrace: Backtrace:
Ordinal0 [0x00412DB3+2502067]
Ordinal0 [0x003AC5B1+2082225]
Ordinal0 [0x002B2498+1057944]
Ordinal0 [0x002A4D2F+1002799]
Ordinal0 [0x002A3D69+998761]
Ordinal0 [0x002A4026+999462]
Ordinal0 [0x002A3915+997653]
Ordinal0 [0x002AE534+1041716]
Ordinal0 [0x002A38D1+997585]
Ordinal0 [0x002A47F6+1001462]
Ordinal0 [0x002A3D69+998761]
Ordinal0 [0x002A4026+999462]
Ordinal0 [0x002A3915+997653]
Ordinal0 [0x002AC5AA+1033642]
Ordinal0 [0x002A38D1+997585]
Ordinal0 [0x002A47F6+1001462]
Ordinal0 [0x002A3D69+998761]
Ordinal0 [0x002A4026+999462]
Ordinal0 [0x002A3915+997653]
Ordinal0 [0x002AA459+1025113]
Ordinal0 [0x002A38D1+997585]
Ordinal0 [0x002A47F6+1001462]
Ordinal0 [0x002A3D69+998761]
Ordinal0 [0x002A4026+999462]
Ordinal0 [0x002A3915+997653]
Ordinal0 [0x002A977C+1021820]
Ordinal0 [0x002A38D1+997585]
Ordinal0 [0x002A47F6+1001462]
Ordinal0 [0x002A3D69+998761]
Ordinal0 [0x002A4026+999462]
Ordinal0 [0x002A3915+997653]
Ordinal0 [0x0029F42D+980013]
Ordinal0 [0x002A38D1+997585]
Ordinal0 [0x002A3670+996976]
Ordinal0 [0x002A3409+996361]
Ordinal0 [0x002B36A0+1062560]
Ordinal0 [0x002FAA59+1354329]
Ordinal0 [0x002F967A+1349242]
Ordinal0 [0x002F5BEB+1334251]
Ordinal0 [0x002D2174+1188212]
Ordinal0 [0x002D3009+1191945]
GetHandleVerifier [0x0058EC5C+1511084]
GetHandleVerifier [0x00638522+2205554]
GetHandleVerifier [0x00493393+480739]
GetHandleVerifier [0x00492579+477129]
Ordinal0 [0x003B1E5D+2104925]
Ordinal0 [0x003B63F8+2122744]
Ordinal0 [0x003B6537+2123063]
Ordinal0 [0x003BEE53+2158163]
BaseThreadInitThunk [0x74E16359+25]
RtlGetAppContainerNamedObjectPath [0x773A87A4+228]
RtlGetAppContainerNamedObjectPath [0x773A8774+180]
]]>
            </message>
            <full-stacktrace>
              <![CDATA[org.openqa.selenium.SessionNotCreatedException: session not created
from timeout: Timed out receiving message from renderer: 600.000
  (Session info: chrome=92.0.4515.107)
Build info: version: '3.141.59', revision: 'e82be7d358', time: '2018-11-14T08:17:03'
System info: host: 'DESKTOP-3IQAPAE', ip: '192.168.1.4', os.name: 'Windows 10', os.arch: 'amd64', os.version: '10.0', java.version: '1.8.0_291'
Driver info: driver.version: ChromeDriver
remote stacktrace: Backtrace:
Ordinal0 [0x00412DB3+2502067]
Ordinal0 [0x003AC5B1+2082225]
Ordinal0 [0x002B2498+1057944]
Ordinal0 [0x002A4D2F+1002799]
Ordinal0 [0x002A3D69+998761]
Ordinal0 [0x002A4026+999462]
Ordinal0 [0x002A3915+997653]
Ordinal0 [0x002AE534+1041716]
Ordinal0 [0x002A38D1+997585]
Ordinal0 [0x002A47F6+1001462]
Ordinal0 [0x002A3D69+998761]
Ordinal0 [0x002A4026+999462]
Ordinal0 [0x002A3915+997653]
Ordinal0 [0x002AC5AA+1033642]
Ordinal0 [0x002A38D1+997585]
Ordinal0 [0x002A47F6+1001462]
Ordinal0 [0x002A3D69+998761]
Ordinal0 [0x002A4026+999462]
Ordinal0 [0x002A3915+997653]
Ordinal0 [0x002AA459+1025113]
Ordinal0 [0x002A38D1+997585]
Ordinal0 [0x002A47F6+1001462]
Ordinal0 [0x002A3D69+998761]
Ordinal0 [0x002A4026+999462]
Ordinal0 [0x002A3915+997653]
Ordinal0 [0x002A977C+1021820]
Ordinal0 [0x002A38D1+997585]
Ordinal0 [0x002A47F6+1001462]
Ordinal0 [0x002A3D69+998761]
Ordinal0 [0x002A4026+999462]
Ordinal0 [0x002A3915+997653]
Ordinal0 [0x0029F42D+980013]
Ordinal0 [0x002A38D1+997585]
Ordinal0 [0x002A3670+996976]
Ordinal0 [0x002A3409+996361]
Ordinal0 [0x002B36A0+1062560]
Ordinal0 [0x002FAA59+1354329]
Ordinal0 [0x002F967A+1349242]
Ordinal0 [0x002F5BEB+1334251]
Ordinal0 [0x002D2174+1188212]
Ordinal0 [0x002D3009+1191945]
GetHandleVerifier [0x0058EC5C+1511084]
GetHandleVerifier [0x00638522+2205554]
GetHandleVerifier [0x00493393+480739]
GetHandleVerifier [0x00492579+477129]
Ordinal0 [0x003B1E5D+2104925]
Ordinal0 [0x003B63F8+2122744]
Ordinal0 [0x003B6537+2123063]
Ordinal0 [0x003BEE53+2158163]
BaseThreadInitThunk [0x74E16359+25]
RtlGetAppContainerNamedObjectPath [0x773A87A4+228]
RtlGetAppContainerNamedObjectPath [0x773A8774+180]

at sun.reflect.NativeConstructorAccessorImpl.newInstance0(Native Method)
at sun.reflect.NativeConstructorAccessorImpl.newInstance(NativeConstructorAccessorImpl.java:62)
at sun.reflect.DelegatingConstructorAccessorImpl.newInstance(DelegatingConstructorAccessorImpl.java:45)
at java.lang.reflect.Constructor.newInstance(Constructor.java:423)
at org.openqa.selenium.remote.W3CHandshakeResponse.lambda$errorHandler$0(W3CHandshakeResponse.java:62)
at org.openqa.selenium.remote.HandshakeResponse.lambda$getResponseFunction$0(HandshakeResponse.java:30)
at org.openqa.selenium.remote.ProtocolHandshake.lambda$createSession$0(ProtocolHandshake.java:126)
at java.util.stream.ReferencePipeline$3$1.accept(ReferencePipeline.java:193)
at java.util.Spliterators$ArraySpliterator.tryAdvance(Spliterators.java:958)
at java.util.stream.ReferencePipeline.forEachWithCancel(ReferencePipeline.java:126)
at java.util.stream.AbstractPipeline.copyIntoWithCancel(AbstractPipeline.java:499)
at java.util.stream.AbstractPipeline.copyInto(AbstractPipeline.java:486)
at java.util.stream.AbstractPipeline.wrapAndCopyInto(AbstractPipeline.java:472)
at java.util.stream.FindOps$FindOp.evaluateSequential(FindOps.java:152)
at java.util.stream.AbstractPipeline.evaluate(AbstractPipeline.java:234)
at java.util.stream.ReferencePipeline.findFirst(ReferencePipeline.java:464)
at org.openqa.selenium.remote.ProtocolHandshake.createSession(ProtocolHandshake.java:128)
at org.openqa.selenium.remote.ProtocolHandshake.createSession(ProtocolHandshake.java:74)
at org.openqa.selenium.remote.HttpCommandExecutor.execute(HttpCommandExecutor.java:136)
at org.openqa.selenium.remote.service.DriverCommandExecutor.execute(DriverCommandExecutor.java:83)
at org.openqa.selenium.remote.RemoteWebDriver.execute(RemoteWebDriver.java:552)
at org.openqa.selenium.remote.RemoteWebDriver.startSession(RemoteWebDriver.java:213)
at org.openqa.selenium.remote.RemoteWebDriver.<init>(RemoteWebDriver.java:131)
at org.openqa.selenium.chrome.ChromeDriver.<init>(ChromeDriver.java:181)
at org.openqa.selenium.chrome.ChromeDriver.<init>(ChromeDriver.java:168)
at org.openqa.selenium.chrome.ChromeDriver.<init>(ChromeDriver.java:123)
at com.crm.qa.base.TestBase.initialization(TestBase.java:42)
at com.crm.qa.testcases.LoginPageTest.setUp(LoginPageTest.java:23)
at sun.reflect.NativeMethodAccessorImpl.invoke0(Native Method)
at sun.reflect.NativeMethodAccessorImpl.invoke(NativeMethodAccessorImpl.java:62)
at sun.reflect.DelegatingMethodAccessorImpl.invoke(DelegatingMethodAccessorImpl.java:43)
at java.lang.reflect.Method.invoke(Method.java:498)
at org.testng.internal.MethodInvocationHelper.invokeMethod(MethodInvocationHelper.java:133)
at org.testng.internal.MethodInvocationHelper.invokeMethodConsideringTimeout(MethodInvocationHelper.java:62)
at org.testng.internal.ConfigInvoker.invokeConfigurationMethod(ConfigInvoker.java:385)
at org.testng.internal.ConfigInvoker.invokeConfigurations(ConfigInvoker.java:321)
at org.testng.internal.TestInvoker.runConfigMethods(TestInvoker.java:700)
at org.testng.internal.TestInvoker.invokeMethod(TestInvoker.java:527)
at org.testng.internal.TestInvoker.invokeTestMethod(TestInvoker.java:173)
at org.testng.internal.MethodRunner.runInSequence(MethodRunner.java:46)
at org.testng.internal.TestInvoker$MethodInvocationAgent.invoke(TestInvoker.java:824)
at org.testng.internal.TestInvoker.invokeTestMethods(TestInvoker.java:146)
at org.testng.internal.TestMethodWorker.invokeTestMethods(TestMethodWorker.java:146)
at org.testng.internal.TestMethodWorker.run(TestMethodWorker.java:128)
at java.util.ArrayList.forEach(ArrayList.java:1259)
at org.testng.TestRunner.privateRun(TestRunner.java:794)
at org.testng.TestRunner.run(TestRunner.java:596)
at org.testng.SuiteRunner.runTest(SuiteRunner.java:377)
at org.testng.SuiteRunner.runSequentially(SuiteRunner.java:371)
at org.testng.SuiteRunner.privateRun(SuiteRunner.java:332)
at org.testng.SuiteRunner.run(SuiteRunner.java:276)
at org.testng.SuiteRunnerWorker.runSuite(SuiteRunnerWorker.java:53)
at org.testng.SuiteRunnerWorker.run(SuiteRunnerWorker.java:96)
at org.testng.TestNG.runSuitesSequentially(TestNG.java:1212)
at org.testng.TestNG.runSuitesLocally(TestNG.java:1134)
at org.testng.TestNG.runSuites(TestNG.java:1063)
at org.testng.TestNG.run(TestNG.java:1031)
at org.apache.maven.surefire.testng.TestNGExecutor.run(TestNGExecutor.java:135)
at org.apache.maven.surefire.testng.TestNGDirectoryTestSuite.executeMulti(TestNGDirectoryTestSuite.java:193)
at org.apache.maven.surefire.testng.TestNGDirectoryTestSuite.execute(TestNGDirectoryTestSuite.java:94)
at org.apache.maven.surefire.testng.TestNGProvider.invoke(TestNGProvider.java:146)
at org.apache.maven.surefire.booter.ForkedBooter.invokeProviderInSameClassLoader(ForkedBooter.java:384)
at org.apache.maven.surefire.booter.ForkedBooter.runSuitesInProcess(ForkedBooter.java:345)
at org.apache.maven.surefire.booter.ForkedBooter.execute(ForkedBooter.java:126)
at org.apache.maven.surefire.booter.ForkedBooter.main(ForkedBooter.java:418)
]]>
            </full-stacktrace>
          </exception> <!-- org.openqa.selenium.SessionNotCreatedException -->
          <reporter-output>
          </reporter-output>
        </test-method> <!-- loginPagetitleTest -->
        <test-method status="SKIP" signature="teardown()[pri:0, instance:com.crm.qa.testcases.LoginPageTest@bd8db5a]" name="teardown" is-config="true" duration-ms="-1627655453183" started-at="2021-07-30T08:30:53 MDT" finished-at="1969-12-31T17:00:00 MST">
          <reporter-output>
          </reporter-output>
        </test-method> <!-- teardown -->
        <test-method status="SKIP" signature="loginTest()[pri:2, instance:com.crm.qa.testcases.LoginPageTest@bd8db5a]" name="loginTest" duration-ms="0" started-at="2021-07-30T08:30:53 MDT" finished-at="2021-07-30T08:30:53 MDT">
          <exception class="org.openqa.selenium.SessionNotCreatedException">
            <message>
              <![CDATA[session not created
from timeout: Timed out receiving message from renderer: 600.000
  (Session info: chrome=92.0.4515.107)
Build info: version: '3.141.59', revision: 'e82be7d358', time: '2018-11-14T08:17:03'
System info: host: 'DESKTOP-3IQAPAE', ip: '192.168.1.4', os.name: 'Windows 10', os.arch: 'amd64', os.version: '10.0', java.version: '1.8.0_291'
Driver info: driver.version: ChromeDriver
remote stacktrace: Backtrace:
Ordinal0 [0x00412DB3+2502067]
Ordinal0 [0x003AC5B1+2082225]
Ordinal0 [0x002B2498+1057944]
Ordinal0 [0x002A4D2F+1002799]
Ordinal0 [0x002A3D69+998761]
Ordinal0 [0x002A4026+999462]
Ordinal0 [0x002A3915+997653]
Ordinal0 [0x002AE534+1041716]
Ordinal0 [0x002A38D1+997585]
Ordinal0 [0x002A47F6+1001462]
Ordinal0 [0x002A3D69+998761]
Ordinal0 [0x002A4026+999462]
Ordinal0 [0x002A3915+997653]
Ordinal0 [0x002AC5AA+1033642]
Ordinal0 [0x002A38D1+997585]
Ordinal0 [0x002A47F6+1001462]
Ordinal0 [0x002A3D69+998761]
Ordinal0 [0x002A4026+999462]
Ordinal0 [0x002A3915+997653]
Ordinal0 [0x002AA459+1025113]
Ordinal0 [0x002A38D1+997585]
Ordinal0 [0x002A47F6+1001462]
Ordinal0 [0x002A3D69+998761]
Ordinal0 [0x002A4026+999462]
Ordinal0 [0x002A3915+997653]
Ordinal0 [0x002A977C+1021820]
Ordinal0 [0x002A38D1+997585]
Ordinal0 [0x002A47F6+1001462]
Ordinal0 [0x002A3D69+998761]
Ordinal0 [0x002A4026+999462]
Ordinal0 [0x002A3915+997653]
Ordinal0 [0x0029F42D+980013]
Ordinal0 [0x002A38D1+997585]
Ordinal0 [0x002A3670+996976]
Ordinal0 [0x002A3409+996361]
Ordinal0 [0x002B36A0+1062560]
Ordinal0 [0x002FAA59+1354329]
Ordinal0 [0x002F967A+1349242]
Ordinal0 [0x002F5BEB+1334251]
Ordinal0 [0x002D2174+1188212]
Ordinal0 [0x002D3009+1191945]
GetHandleVerifier [0x0058EC5C+1511084]
GetHandleVerifier [0x00638522+2205554]
GetHandleVerifier [0x00493393+480739]
GetHandleVerifier [0x00492579+477129]
Ordinal0 [0x003B1E5D+2104925]
Ordinal0 [0x003B63F8+2122744]
Ordinal0 [0x003B6537+2123063]
Ordinal0 [0x003BEE53+2158163]
BaseThreadInitThunk [0x74E16359+25]
RtlGetAppContainerNamedObjectPath [0x773A87A4+228]
RtlGetAppContainerNamedObjectPath [0x773A8774+180]
]]>
            </message>
            <full-stacktrace>
              <![CDATA[org.openqa.selenium.SessionNotCreatedException: session not created
from timeout: Timed out receiving message from renderer: 600.000
  (Session info: chrome=92.0.4515.107)
Build info: version: '3.141.59', revision: 'e82be7d358', time: '2018-11-14T08:17:03'
System info: host: 'DESKTOP-3IQAPAE', ip: '192.168.1.4', os.name: 'Windows 10', os.arch: 'amd64', os.version: '10.0', java.version: '1.8.0_291'
Driver info: driver.version: ChromeDriver
remote stacktrace: Backtrace:
Ordinal0 [0x00412DB3+2502067]
Ordinal0 [0x003AC5B1+2082225]
Ordinal0 [0x002B2498+1057944]
Ordinal0 [0x002A4D2F+1002799]
Ordinal0 [0x002A3D69+998761]
Ordinal0 [0x002A4026+999462]
Ordinal0 [0x002A3915+997653]
Ordinal0 [0x002AE534+1041716]
Ordinal0 [0x002A38D1+997585]
Ordinal0 [0x002A47F6+1001462]
Ordinal0 [0x002A3D69+998761]
Ordinal0 [0x002A4026+999462]
Ordinal0 [0x002A3915+997653]
Ordinal0 [0x002AC5AA+1033642]
Ordinal0 [0x002A38D1+997585]
Ordinal0 [0x002A47F6+1001462]
Ordinal0 [0x002A3D69+998761]
Ordinal0 [0x002A4026+999462]
Ordinal0 [0x002A3915+997653]
Ordinal0 [0x002AA459+1025113]
Ordinal0 [0x002A38D1+997585]
Ordinal0 [0x002A47F6+1001462]
Ordinal0 [0x002A3D69+998761]
Ordinal0 [0x002A4026+999462]
Ordinal0 [0x002A3915+997653]
Ordinal0 [0x002A977C+1021820]
Ordinal0 [0x002A38D1+997585]
Ordinal0 [0x002A47F6+1001462]
Ordinal0 [0x002A3D69+998761]
Ordinal0 [0x002A4026+999462]
Ordinal0 [0x002A3915+997653]
Ordinal0 [0x0029F42D+980013]
Ordinal0 [0x002A38D1+997585]
Ordinal0 [0x002A3670+996976]
Ordinal0 [0x002A3409+996361]
Ordinal0 [0x002B36A0+1062560]
Ordinal0 [0x002FAA59+1354329]
Ordinal0 [0x002F967A+1349242]
Ordinal0 [0x002F5BEB+1334251]
Ordinal0 [0x002D2174+1188212]
Ordinal0 [0x002D3009+1191945]
GetHandleVerifier [0x0058EC5C+1511084]
GetHandleVerifier [0x00638522+2205554]
GetHandleVerifier [0x00493393+480739]
GetHandleVerifier [0x00492579+477129]
Ordinal0 [0x003B1E5D+2104925]
Ordinal0 [0x003B63F8+2122744]
Ordinal0 [0x003B6537+2123063]
Ordinal0 [0x003BEE53+2158163]
BaseThreadInitThunk [0x74E16359+25]
RtlGetAppContainerNamedObjectPath [0x773A87A4+228]
RtlGetAppContainerNamedObjectPath [0x773A8774+180]

at sun.reflect.NativeConstructorAccessorImpl.newInstance0(Native Method)
at sun.reflect.NativeConstructorAccessorImpl.newInstance(NativeConstructorAccessorImpl.java:62)
at sun.reflect.DelegatingConstructorAccessorImpl.newInstance(DelegatingConstructorAccessorImpl.java:45)
at java.lang.reflect.Constructor.newInstance(Constructor.java:423)
at org.openqa.selenium.remote.W3CHandshakeResponse.lambda$errorHandler$0(W3CHandshakeResponse.java:62)
at org.openqa.selenium.remote.HandshakeResponse.lambda$getResponseFunction$0(HandshakeResponse.java:30)
at org.openqa.selenium.remote.ProtocolHandshake.lambda$createSession$0(ProtocolHandshake.java:126)
at java.util.stream.ReferencePipeline$3$1.accept(ReferencePipeline.java:193)
at java.util.Spliterators$ArraySpliterator.tryAdvance(Spliterators.java:958)
at java.util.stream.ReferencePipeline.forEachWithCancel(ReferencePipeline.java:126)
at java.util.stream.AbstractPipeline.copyIntoWithCancel(AbstractPipeline.java:499)
at java.util.stream.AbstractPipeline.copyInto(AbstractPipeline.java:486)
at java.util.stream.AbstractPipeline.wrapAndCopyInto(AbstractPipeline.java:472)
at java.util.stream.FindOps$FindOp.evaluateSequential(FindOps.java:152)
at java.util.stream.AbstractPipeline.evaluate(AbstractPipeline.java:234)
at java.util.stream.ReferencePipeline.findFirst(ReferencePipeline.java:464)
at org.openqa.selenium.remote.ProtocolHandshake.createSession(ProtocolHandshake.java:128)
at org.openqa.selenium.remote.ProtocolHandshake.createSession(ProtocolHandshake.java:74)
at org.openqa.selenium.remote.HttpCommandExecutor.execute(HttpCommandExecutor.java:136)
at org.openqa.selenium.remote.service.DriverCommandExecutor.execute(DriverCommandExecutor.java:83)
at org.openqa.selenium.remote.RemoteWebDriver.execute(RemoteWebDriver.java:552)
at org.openqa.selenium.remote.RemoteWebDriver.startSession(RemoteWebDriver.java:213)
at org.openqa.selenium.remote.RemoteWebDriver.<init>(RemoteWebDriver.java:131)
at org.openqa.selenium.chrome.ChromeDriver.<init>(ChromeDriver.java:181)
at org.openqa.selenium.chrome.ChromeDriver.<init>(ChromeDriver.java:168)
at org.openqa.selenium.chrome.ChromeDriver.<init>(ChromeDriver.java:123)
at com.crm.qa.base.TestBase.initialization(TestBase.java:42)
at com.crm.qa.testcases.LoginPageTest.setUp(LoginPageTest.java:23)
at sun.reflect.NativeMethodAccessorImpl.invoke0(Native Method)
at sun.reflect.NativeMethodAccessorImpl.invoke(NativeMethodAccessorImpl.java:62)
at sun.reflect.DelegatingMethodAccessorImpl.invoke(DelegatingMethodAccessorImpl.java:43)
at java.lang.reflect.Method.invoke(Method.java:498)
at org.testng.internal.MethodInvocationHelper.invokeMethod(MethodInvocationHelper.java:133)
at org.testng.internal.MethodInvocationHelper.invokeMethodConsideringTimeout(MethodInvocationHelper.java:62)
at org.testng.internal.ConfigInvoker.invokeConfigurationMethod(ConfigInvoker.java:385)
at org.testng.internal.ConfigInvoker.invokeConfigurations(ConfigInvoker.java:321)
at org.testng.internal.TestInvoker.runConfigMethods(TestInvoker.java:700)
at org.testng.internal.TestInvoker.invokeMethod(TestInvoker.java:527)
at org.testng.internal.TestInvoker.invokeTestMethod(TestInvoker.java:173)
at org.testng.internal.MethodRunner.runInSequence(MethodRunner.java:46)
at org.testng.internal.TestInvoker$MethodInvocationAgent.invoke(TestInvoker.java:824)
at org.testng.internal.TestInvoker.invokeTestMethods(TestInvoker.java:146)
at org.testng.internal.TestMethodWorker.invokeTestMethods(TestMethodWorker.java:146)
at org.testng.internal.TestMethodWorker.run(TestMethodWorker.java:128)
at java.util.ArrayList.forEach(ArrayList.java:1259)
at org.testng.TestRunner.privateRun(TestRunner.java:794)
at org.testng.TestRunner.run(TestRunner.java:596)
at org.testng.SuiteRunner.runTest(SuiteRunner.java:377)
at org.testng.SuiteRunner.runSequentially(SuiteRunner.java:371)
at org.testng.SuiteRunner.privateRun(SuiteRunner.java:332)
at org.testng.SuiteRunner.run(SuiteRunner.java:276)
at org.testng.SuiteRunnerWorker.runSuite(SuiteRunnerWorker.java:53)
at org.testng.SuiteRunnerWorker.run(SuiteRunnerWorker.java:96)
at org.testng.TestNG.runSuitesSequentially(TestNG.java:1212)
at org.testng.TestNG.runSuitesLocally(TestNG.java:1134)
at org.testng.TestNG.runSuites(TestNG.java:1063)
at org.testng.TestNG.run(TestNG.java:1031)
at org.apache.maven.surefire.testng.TestNGExecutor.run(TestNGExecutor.java:135)
at org.apache.maven.surefire.testng.TestNGDirectoryTestSuite.executeMulti(TestNGDirectoryTestSuite.java:193)
at org.apache.maven.surefire.testng.TestNGDirectoryTestSuite.execute(TestNGDirectoryTestSuite.java:94)
at org.apache.maven.surefire.testng.TestNGProvider.invoke(TestNGProvider.java:146)
at org.apache.maven.surefire.booter.ForkedBooter.invokeProviderInSameClassLoader(ForkedBooter.java:384)
at org.apache.maven.surefire.booter.ForkedBooter.runSuitesInProcess(ForkedBooter.java:345)
at org.apache.maven.surefire.booter.ForkedBooter.execute(ForkedBooter.java:126)
at org.apache.maven.surefire.booter.ForkedBooter.main(ForkedBooter.java:418)
]]>
            </full-stacktrace>
          </exception> <!-- org.openqa.selenium.SessionNotCreatedException -->
          <reporter-output>
          </reporter-output>
        </test-method> <!-- loginTest -->
        <test-method status="SKIP" signature="setUp()[pri:0, instance:com.crm.qa.testcases.LoginPageTest@bd8db5a]" name="setUp" is-config="true" duration-ms="-1627655453184" started-at="2021-07-30T08:30:53 MDT" finished-at="1969-12-31T17:00:00 MST">
          <reporter-output>
          </reporter-output>
        </test-method> <!-- setUp -->
        <test-method status="SKIP" signature="teardown()[pri:0, instance:com.crm.qa.testcases.LoginPageTest@bd8db5a]" name="teardown" is-config="true" duration-ms="-1627655453185" started-at="2021-07-30T08:30:53 MDT" finished-at="1969-12-31T17:00:00 MST">
          <reporter-output>
          </reporter-output>
        </test-method> <!-- teardown -->
      </class> <!-- com.crm.qa.testcases.LoginPageTest -->
    </test> <!-- Surefire test -->
  </suite> <!-- Surefire suite -->
</testng-results>
